-------------------------------------------------------------------------------
Test set: com.example.springbootmvc.db.UserDbTest
-------------------------------------------------------------------------------
Tests run: 1, Failures: 0, Errors: 1, Skipped: 0, Time elapsed: 11.471 s <<< FAILURE! - in com.example.springbootmvc.db.UserDbTest
upateNameTest(com.example.springbootmvc.db.UserDbTest)  Time elapsed: 0.364 s  <<< ERROR!
org.beetl.sql.core.BeetlSQLException: unique查询user,但数据库未找到结果集:主键是4
	at com.example.springbootmvc.db.UserDbTest.upateNameTest(UserDbTest.java:36)

