<?xml version="1.0" encoding="UTF-8"?>
<testsuite xmlns:xsi="http://www.w3.org/2001/XMLSchema-instance" xsi:noNamespaceSchemaLocation="https://maven.apache.org/surefire/maven-surefire-plugin/xsd/surefire-test-report.xsd" name="com.example.springbootmvc.controller.UserControllerTest" time="5.754" tests="2" errors="0" skipped="0" failures="2">
  <properties>
[...]
</properties>
  <testcase name="testMvc" classname="com.example.springbootmvc.controller.UserControllerTest" time="0.208">
    <failure message="Response content expected:&lt;100&gt; but was:&lt;&gt;" type="java.lang.AssertionError"><![CDATA[java.lang.AssertionError: Response content expected:<100> but was:<>
	at com.example.springbootmvc.controller.UserControllerTest.testMvc(UserControllerTest.java:37)
]]></failure>
    <system-out><![CDATA[09:18:56.487 [main] DEBUG org.springframework.test.context.junit4.SpringJUnit4ClassRunner - SpringJUnit4ClassRunner constructor called with [class com.example.springbootmvc.controller.UserControllerTest]
09:18:56.500 [main] DEBUG org.springframework.test.context.BootstrapUtils - Instantiating CacheAwareContextLoaderDelegate from class [org.springframework.test.context.cache.DefaultCacheAwareContextLoaderDelegate]
09:18:56.514 [main] DEBUG org.springframework.test.context.BootstrapUtils - Instantiating BootstrapContext using constructor [public org.springframework.test.context.support.DefaultBootstrapContext(java.lang.Class,org.springframework.test.context.CacheAwareContextLoaderDelegate)]
09:18:56.562 [main] DEBUG org.springframework.test.context.BootstrapUtils - Instantiating TestContextBootstrapper for test class [com.example.springbootmvc.controller.UserControllerTest] from class [org.springframework.boot.test.autoconfigure.web.servlet.WebMvcTestContextBootstrapper]
09:18:56.589 [main] INFO org.springframework.boot.test.autoconfigure.web.servlet.WebMvcTestContextBootstrapper - Neither @ContextConfiguration nor @ContextHierarchy found for test class [com.example.springbootmvc.controller.UserControllerTest], using SpringBootContextLoader
09:18:56.595 [main] DEBUG org.springframework.test.context.support.AbstractContextLoader - Did not detect default resource location for test class [com.example.springbootmvc.controller.UserControllerTest]: class path resource [com/example/springbootmvc/controller/UserControllerTest-context.xml] does not exist
09:18:56.596 [main] DEBUG org.springframework.test.context.support.AbstractContextLoader - Did not detect default resource location for test class [com.example.springbootmvc.controller.UserControllerTest]: class path resource [com/example/springbootmvc/controller/UserControllerTestContext.groovy] does not exist
09:18:56.596 [main] INFO org.springframework.test.context.support.AbstractContextLoader - Could not detect default resource locations for test class [com.example.springbootmvc.controller.UserControllerTest]: no resource found for suffixes {-context.xml, Context.groovy}.
09:18:56.597 [main] INFO org.springframework.test.context.support.AnnotationConfigContextLoaderUtils - Could not detect default configuration classes for test class [com.example.springbootmvc.controller.UserControllerTest]: UserControllerTest does not declare any static, non-private, non-final, nested classes annotated with @Configuration.
09:18:56.710 [main] DEBUG org.springframework.test.context.support.ActiveProfilesUtils - Could not find an 'annotation declaring class' for annotation type [org.springframework.test.context.ActiveProfiles] and class [com.example.springbootmvc.controller.UserControllerTest]
09:18:56.718 [main] DEBUG org.springframework.core.env.StandardEnvironment - Adding PropertySource 'systemProperties' with lowest search precedence
09:18:56.719 [main] DEBUG org.springframework.core.env.StandardEnvironment - Adding PropertySource 'systemEnvironment' with lowest search precedence
09:18:56.719 [main] DEBUG org.springframework.core.env.StandardEnvironment - Initialized StandardEnvironment with PropertySources [MapPropertySource@815674463 {name='systemProperties', properties={idea.version=2017.2.3, java.runtime.name=Java(TM) SE Runtime Environment, sun.boot.library.path=C:\InstallWork\jdk1.8\bin, java.vm.version=25.31-b07, java.vm.vendor=Oracle Corporation, java.vendor.url=http://java.oracle.com/, path.separator=;, java.vm.name=Java HotSpot(TM) 64-Bit Server VM, file.encoding.pkg=sun.io, user.country=CN, user.script=, sun.java.launcher=SUN_STANDARD, sun.os.patch.level=, java.vm.specification.name=Java Virtual Machine Specification, user.dir=D:\StudySpace\SpringBoot\spring-boot-db, java.runtime.version=1.8.0_31-b13, basedir=D:\StudySpace\SpringBoot\spring-boot-db, java.awt.graphicsenv=sun.awt.Win32GraphicsEnvironment, java.endorsed.dirs=C:\InstallWork\jdk1.8\lib\endorsed, os.arch=amd64, surefire.real.class.path=C:\Users\ADMINI~1\AppData\Local\Temp\surefire4767403070480715283\surefirebooter1722287248415114656.jar, java.io.tmpdir=C:\Users\ADMINI~1\AppData\Local\Temp\, line.separator=
, java.vm.specification.vendor=Oracle Corporation, user.variant=, os.name=Windows 8.1, sun.jnu.encoding=GBK, java.library.path=C:\InstallWork\jdk1.8\bin;C:\WINDOWS\Sun\Java\bin;C:\WINDOWS\system32;C:\WINDOWS;C:\ProgramData\Oracle\Java\javapath;C:\WINDOWS\system32;C:\WINDOWS;C:\WINDOWS\System32\Wbem;C:\WINDOWS\System32\WindowsPowerShell\v1.0\;"C:\InstallWork\jdk1.8\bin;C:\InstallWork\jdk1.8\jre\bin;";E:\Linux工具\Linux程序开发软件\hadoop-2.6.5\bin;D:\InstallTool\Git\cmd;"D:\InstallSoft\apache-maven-3.5.3\bin;";C:\Users\Administrator\AppData\Local\Microsoft\WindowsApps;;., surefire.test.class.path=D:\StudySpace\SpringBoot\spring-boot-db\target\test-classes;D:\StudySpace\SpringBoot\spring-boot-db\target\classes;C:\Users\Administrator\.m2\repository\org\springframework\boot\spring-boot-starter\2.0.4.RELEASE\spring-boot-starter-2.0.4.RELEASE.jar;C:\Users\Administrator\.m2\repository\org\springframework\boot\spring-boot\2.0.4.RELEASE\spring-boot-2.0.4.RELEASE.jar;C:\Users\Administrator\.m2\repository\org\springframework\spring-context\5.0.8.RELEASE\spring-context-5.0.8.RELEASE.jar;C:\Users\Administrator\.m2\repository\org\springframework\boot\spring-boot-autoconfigure\2.0.4.RELEASE\spring-boot-autoconfigure-2.0.4.RELEASE.jar;C:\Users\Administrator\.m2\repository\org\springframework\boot\spring-boot-starter-logging\2.0.4.RELEASE\spring-boot-starter-logging-2.0.4.RELEASE.jar;C:\Users\Administrator\.m2\repository\ch\qos\logback\logback-classic\1.2.3\logback-classic-1.2.3.jar;C:\Users\Administrator\.m2\repository\ch\qos\logback\logback-core\1.2.3\logback-core-1.2.3.jar;C:\Users\Administrator\.m2\repository\org\apache\logging\log4j\log4j-to-slf4j\2.10.0\log4j-to-slf4j-2.10.0.jar;C:\Users\Administrator\.m2\repository\org\apache\logging\log4j\log4j-api\2.10.0\log4j-api-2.10.0.jar;C:\Users\Administrator\.m2\repository\org\slf4j\jul-to-slf4j\1.7.25\jul-to-slf4j-1.7.25.jar;C:\Users\Administrator\.m2\repository\javax\annotation\javax.annotation-api\1.3.2\javax.annotation-api-1.3.2.jar;C:\Users\Administrator\.m2\repository\org\springframework\spring-core\5.0.8.RELEASE\spring-core-5.0.8.RELEASE.jar;C:\Users\Administrator\.m2\repository\org\springframework\spring-jcl\5.0.8.RELEASE\spring-jcl-5.0.8.RELEASE.jar;C:\Users\Administrator\.m2\repository\org\yaml\snakeyaml\1.19\snakeyaml-1.19.jar;C:\Users\Administrator\.m2\repository\org\springframework\boot\spring-boot-starter-web\2.0.4.RELEASE\spring-boot-starter-web-2.0.4.RELEASE.jar;C:\Users\Administrator\.m2\repository\org\springframework\boot\spring-boot-starter-json\2.0.4.RELEASE\spring-boot-starter-json-2.0.4.RELEASE.jar;C:\Users\Administrator\.m2\repository\com\fasterxml\jackson\core\jackson-databind\2.9.6\jackson-databind-2.9.6.jar;C:\Users\Administrator\.m2\repository\com\fasterxml\jackson\core\jackson-annotations\2.9.0\jackson-annotations-2.9.0.jar;C:\Users\Administrator\.m2\repository\com\fasterxml\jackson\core\jackson-core\2.9.6\jackson-core-2.9.6.jar;C:\Users\Administrator\.m2\repository\com\fasterxml\jackson\datatype\jackson-datatype-jdk8\2.9.6\jackson-datatype-jdk8-2.9.6.jar;C:\Users\Administrator\.m2\repository\com\fasterxml\jackson\datatype\jackson-datatype-jsr310\2.9.6\jackson-datatype-jsr310-2.9.6.jar;C:\Users\Administrator\.m2\repository\com\fasterxml\jackson\module\jackson-module-parameter-names\2.9.6\jackson-module-parameter-names-2.9.6.jar;C:\Users\Administrator\.m2\repository\org\springframework\boot\spring-boot-starter-tomcat\2.0.4.RELEASE\spring-boot-starter-tomcat-2.0.4.RELEASE.jar;C:\Users\Administrator\.m2\repository\org\apache\tomcat\embed\tomcat-embed-core\8.5.32\tomcat-embed-core-8.5.32.jar;C:\Users\Administrator\.m2\repository\org\apache\tomcat\embed\tomcat-embed-el\8.5.32\tomcat-embed-el-8.5.32.jar;C:\Users\Administrator\.m2\repository\org\apache\tomcat\embed\tomcat-embed-websocket\8.5.32\tomcat-embed-websocket-8.5.32.jar;C:\Users\Administrator\.m2\repository\org\hibernate\validator\hibernate-validator\6.0.11.Final\hibernate-validator-6.0.11.Final.jar;C:\Users\Administrator\.m2\repository\javax\validation\validation-api\2.0.1.Final\validation-api-2.0.1.Final.jar;C:\Users\Administrator\.m2\repository\org\jboss\logging\jboss-logging\3.3.2.Final\jboss-logging-3.3.2.Final.jar;C:\Users\Administrator\.m2\repository\com\fasterxml\classmate\1.3.4\classmate-1.3.4.jar;C:\Users\Administrator\.m2\repository\org\springframework\spring-web\5.0.8.RELEASE\spring-web-5.0.8.RELEASE.jar;C:\Users\Administrator\.m2\repository\org\springframework\spring-beans\5.0.8.RELEASE\spring-beans-5.0.8.RELEASE.jar;C:\Users\Administrator\.m2\repository\org\springframework\spring-webmvc\5.0.8.RELEASE\spring-webmvc-5.0.8.RELEASE.jar;C:\Users\Administrator\.m2\repository\org\springframework\spring-aop\5.0.8.RELEASE\spring-aop-5.0.8.RELEASE.jar;C:\Users\Administrator\.m2\repository\org\springframework\spring-expression\5.0.8.RELEASE\spring-expression-5.0.8.RELEASE.jar;C:\Users\Administrator\.m2\repository\org\springframework\boot\spring-boot-devtools\2.0.4.RELEASE\spring-boot-devtools-2.0.4.RELEASE.jar;C:\Users\Administrator\.m2\repository\com\ibeetl\beetl-framework-starter\1.1.23.RELEASE\beetl-framework-starter-1.1.23.RELEASE.jar;C:\Users\Administrator\.m2\repository\com\ibeetl\beetlsql\2.9.15\beetlsql-2.9.15.jar;C:\Users\Administrator\.m2\repository\com\ibeetl\beetl\2.7.24\beetl-2.7.24.jar;C:\Users\Administrator\.m2\repository\org\antlr\antlr4-runtime\4.2\antlr4-runtime-4.2.jar;C:\Users\Administrator\.m2\repository\org\abego\treelayout\org.abego.treelayout.core\1.0.1\org.abego.treelayout.core-1.0.1.jar;C:\Users\Administrator\.m2\repository\org\antlr\antlr4-annotations\4.2\antlr4-annotations-4.2.jar;C:\Users\Administrator\.m2\repository\org\springframework\boot\spring-boot-starter-jdbc\2.0.4.RELEASE\spring-boot-starter-jdbc-2.0.4.RELEASE.jar;C:\Users\Administrator\.m2\repository\org\springframework\spring-jdbc\5.0.8.RELEASE\spring-jdbc-5.0.8.RELEASE.jar;C:\Users\Administrator\.m2\repository\org\springframework\spring-tx\5.0.8.RELEASE\spring-tx-5.0.8.RELEASE.jar;C:\Users\Administrator\.m2\repository\com\zaxxer\HikariCP\2.7.9\HikariCP-2.7.9.jar;C:\Users\Administrator\.m2\repository\org\slf4j\slf4j-api\1.7.25\slf4j-api-1.7.25.jar;C:\Users\Administrator\.m2\repository\mysql\mysql-connector-java\5.1.46\mysql-connector-java-5.1.46.jar;C:\Users\Administrator\.m2\repository\org\springframework\boot\spring-boot-starter-data-jpa\2.0.4.RELEASE\spring-boot-starter-data-jpa-2.0.4.RELEASE.jar;C:\Users\Administrator\.m2\repository\org\springframework\boot\spring-boot-starter-aop\2.0.4.RELEASE\spring-boot-starter-aop-2.0.4.RELEASE.jar;C:\Users\Administrator\.m2\repository\org\aspectj\aspectjweaver\1.8.13\aspectjweaver-1.8.13.jar;C:\Users\Administrator\.m2\repository\org\hibernate\hibernate-core\5.2.17.Final\hibernate-core-5.2.17.Final.jar;C:\Users\Administrator\.m2\repository\org\hibernate\javax\persistence\hibernate-jpa-2.1-api\1.0.2.Final\hibernate-jpa-2.1-api-1.0.2.Final.jar;C:\Users\Administrator\.m2\repository\org\javassist\javassist\3.22.0-GA\javassist-3.22.0-GA.jar;C:\Users\Administrator\.m2\repository\antlr\antlr\2.7.7\antlr-2.7.7.jar;C:\Users\Administrator\.m2\repository\org\jboss\jandex\2.0.3.Final\jandex-2.0.3.Final.jar;C:\Users\Administrator\.m2\repository\dom4j\dom4j\1.6.1\dom4j-1.6.1.jar;C:\Users\Administrator\.m2\repository\org\hibernate\common\hibernate-commons-annotations\5.0.1.Final\hibernate-commons-annotations-5.0.1.Final.jar;C:\Users\Administrator\.m2\repository\javax\transaction\javax.transaction-api\1.2\javax.transaction-api-1.2.jar;C:\Users\Administrator\.m2\repository\org\springframework\data\spring-data-jpa\2.0.9.RELEASE\spring-data-jpa-2.0.9.RELEASE.jar;C:\Users\Administrator\.m2\repository\org\springframework\data\spring-data-commons\2.0.9.RELEASE\spring-data-commons-2.0.9.RELEASE.jar;C:\Users\Administrator\.m2\repository\org\springframework\spring-orm\5.0.8.RELEASE\spring-orm-5.0.8.RELEASE.jar;C:\Users\Administrator\.m2\repository\org\springframework\spring-aspects\5.0.8.RELEASE\spring-aspects-5.0.8.RELEASE.jar;C:\Users\Administrator\.m2\repository\org\springframework\boot\spring-boot-starter-data-redis\2.0.4.RELEASE\spring-boot-starter-data-redis-2.0.4.RELEASE.jar;C:\Users\Administrator\.m2\repository\org\springframework\data\spring-data-redis\2.0.9.RELEASE\spring-data-redis-2.0.9.RELEASE.jar;C:\Users\Administrator\.m2\repository\org\springframework\data\spring-data-keyvalue\2.0.9.RELEASE\spring-data-keyvalue-2.0.9.RELEASE.jar;C:\Users\Administrator\.m2\repository\org\springframework\spring-oxm\5.0.8.RELEASE\spring-oxm-5.0.8.RELEASE.jar;C:\Users\Administrator\.m2\repository\org\springframework\spring-context-support\5.0.8.RELEASE\spring-context-support-5.0.8.RELEASE.jar;C:\Users\Administrator\.m2\repository\io\lettuce\lettuce-core\5.0.4.RELEASE\lettuce-core-5.0.4.RELEASE.jar;C:\Users\Administrator\.m2\repository\io\projectreactor\reactor-core\3.1.8.RELEASE\reactor-core-3.1.8.RELEASE.jar;C:\Users\Administrator\.m2\repository\org\reactivestreams\reactive-streams\1.0.2\reactive-streams-1.0.2.jar;C:\Users\Administrator\.m2\repository\io\netty\netty-common\4.1.27.Final\netty-common-4.1.27.Final.jar;C:\Users\Administrator\.m2\repository\io\netty\netty-transport\4.1.27.Final\netty-transport-4.1.27.Final.jar;C:\Users\Administrator\.m2\repository\io\netty\netty-buffer\4.1.27.Final\netty-buffer-4.1.27.Final.jar;C:\Users\Administrator\.m2\repository\io\netty\netty-resolver\4.1.27.Final\netty-resolver-4.1.27.Final.jar;C:\Users\Administrator\.m2\repository\io\netty\netty-handler\4.1.27.Final\netty-handler-4.1.27.Final.jar;C:\Users\Administrator\.m2\repository\io\netty\netty-codec\4.1.27.Final\netty-codec-4.1.27.Final.jar;C:\Users\Administrator\.m2\repository\org\springframework\boot\spring-boot-starter-test\2.0.4.RELEASE\spring-boot-starter-test-2.0.4.RELEASE.jar;C:\Users\Administrator\.m2\repository\org\springframework\boot\spring-boot-test\2.0.4.RELEASE\spring-boot-test-2.0.4.RELEASE.jar;C:\Users\Administrator\.m2\repository\org\springframework\boot\spring-boot-test-autoconfigure\2.0.4.RELEASE\spring-boot-test-autoconfigure-2.0.4.RELEASE.jar;C:\Users\Administrator\.m2\repository\com\jayway\jsonpath\json-path\2.4.0\json-path-2.4.0.jar;C:\Users\Administrator\.m2\repository\net\minidev\json-smart\2.3\json-smart-2.3.jar;C:\Users\Administrator\.m2\repository\net\minidev\accessors-smart\1.2\accessors-smart-1.2.jar;C:\Users\Administrator\.m2\repository\org\ow2\asm\asm\5.0.4\asm-5.0.4.jar;C:\Users\Administrator\.m2\repository\junit\junit\4.12\junit-4.12.jar;C:\Users\Administrator\.m2\repository\org\assertj\assertj-core\3.9.1\assertj-core-3.9.1.jar;C:\Users\Administrator\.m2\repository\org\mockito\mockito-core\2.15.0\mockito-core-2.15.0.jar;C:\Users\Administrator\.m2\repository\net\bytebuddy\byte-buddy\1.7.11\byte-buddy-1.7.11.jar;C:\Users\Administrator\.m2\repository\net\bytebuddy\byte-buddy-agent\1.7.11\byte-buddy-agent-1.7.11.jar;C:\Users\Administrator\.m2\repository\org\objenesis\objenesis\2.6\objenesis-2.6.jar;C:\Users\Administrator\.m2\repository\org\hamcrest\hamcrest-core\1.3\hamcrest-core-1.3.jar;C:\Users\Administrator\.m2\repository\org\hamcrest\hamcrest-library\1.3\hamcrest-library-1.3.jar;C:\Users\Administrator\.m2\repository\org\skyscreamer\jsonassert\1.5.0\jsonassert-1.5.0.jar;C:\Users\Administrator\.m2\repository\com\vaadin\external\google\android-json\0.0.20131108.vaadin1\android-json-0.0.20131108.vaadin1.jar;C:\Users\Administrator\.m2\repository\org\springframework\spring-test\5.0.8.RELEASE\spring-test-5.0.8.RELEASE.jar;C:\Users\Administrator\.m2\repository\org\xmlunit\xmlunit-core\2.5.1\xmlunit-core-2.5.1.jar;C:\Users\Administrator\.m2\repository\org\mybatis\spring\boot\mybatis-spring-boot-starter\1.3.1\mybatis-spring-boot-starter-1.3.1.jar;C:\Users\Administrator\.m2\repository\org\mybatis\spring\boot\mybatis-spring-boot-autoconfigure\1.3.1\mybatis-spring-boot-autoconfigure-1.3.1.jar;C:\Users\Administrator\.m2\repository\org\mybatis\mybatis\3.4.5\mybatis-3.4.5.jar;C:\Users\Administrator\.m2\repository\org\mybatis\mybatis-spring\1.3.1\mybatis-spring-1.3.1.jar;C:\Users\Administrator\.m2\repository\tk\mybatis\mapper-spring-boot-starter\1.2.4\mapper-spring-boot-starter-1.2.4.jar;C:\Users\Administrator\.m2\repository\tk\mybatis\mapper-spring-boot-autoconfigure\1.2.4\mapper-spring-boot-autoconfigure-1.2.4.jar;C:\Users\Administrator\.m2\repository\tk\mybatis\mapper\3.5.3\mapper-3.5.3.jar;C:\Users\Administrator\.m2\repository\javax\persistence\persistence-api\1.0\persistence-api-1.0.jar;C:\Users\Administrator\.m2\repository\com\github\pagehelper\pagehelper-spring-boot-starter\1.2.3\pagehelper-spring-boot-starter-1.2.3.jar;C:\Users\Administrator\.m2\repository\com\github\pagehelper\pagehelper-spring-boot-autoconfigure\1.2.3\pagehelper-spring-boot-autoconfigure-1.2.3.jar;C:\Users\Administrator\.m2\repository\com\github\pagehelper\pagehelper\5.1.2\pagehelper-5.1.2.jar;C:\Users\Administrator\.m2\repository\com\github\jsqlparser\jsqlparser\1.0\jsqlparser-1.0.jar;C:\Users\Administrator\.m2\repository\com\alibaba\druid-spring-boot-starter\1.1.9\druid-spring-boot-starter-1.1.9.jar;C:\Users\Administrator\.m2\repository\com\alibaba\druid\1.1.9\druid-1.1.9.jar;C:\Users\Administrator\.m2\repository\org\mybatis\generator\mybatis-generator-core\1.3.2\mybatis-generator-core-1.3.2.jar;, java.specification.name=Java Platform API Specification, java.class.version=52.0, sun.management.compiler=HotSpot 64-Bit Tiered Compilers, os.version=6.3, user.home=C:\Users\Administrator, user.timezone=Asia/Shanghai, java.awt.printerjob=sun.awt.windows.WPrinterJob, file.encoding=GBK, java.specification.version=1.8, java.class.path=D:\StudySpace\SpringBoot\spring-boot-db\target\test-classes;D:\StudySpace\SpringBoot\spring-boot-db\target\classes;C:\Users\Administrator\.m2\repository\org\springframework\boot\spring-boot-starter\2.0.4.RELEASE\spring-boot-starter-2.0.4.RELEASE.jar;C:\Users\Administrator\.m2\repository\org\springframework\boot\spring-boot\2.0.4.RELEASE\spring-boot-2.0.4.RELEASE.jar;C:\Users\Administrator\.m2\repository\org\springframework\spring-context\5.0.8.RELEASE\spring-context-5.0.8.RELEASE.jar;C:\Users\Administrator\.m2\repository\org\springframework\boot\spring-boot-autoconfigure\2.0.4.RELEASE\spring-boot-autoconfigure-2.0.4.RELEASE.jar;C:\Users\Administrator\.m2\repository\org\springframework\boot\spring-boot-starter-logging\2.0.4.RELEASE\spring-boot-starter-logging-2.0.4.RELEASE.jar;C:\Users\Administrator\.m2\repository\ch\qos\logback\logback-classic\1.2.3\logback-classic-1.2.3.jar;C:\Users\Administrator\.m2\repository\ch\qos\logback\logback-core\1.2.3\logback-core-1.2.3.jar;C:\Users\Administrator\.m2\repository\org\apache\logging\log4j\log4j-to-slf4j\2.10.0\log4j-to-slf4j-2.10.0.jar;C:\Users\Administrator\.m2\repository\org\apache\logging\log4j\log4j-api\2.10.0\log4j-api-2.10.0.jar;C:\Users\Administrator\.m2\repository\org\slf4j\jul-to-slf4j\1.7.25\jul-to-slf4j-1.7.25.jar;C:\Users\Administrator\.m2\repository\javax\annotation\javax.annotation-api\1.3.2\javax.annotation-api-1.3.2.jar;C:\Users\Administrator\.m2\repository\org\springframework\spring-core\5.0.8.RELEASE\spring-core-5.0.8.RELEASE.jar;C:\Users\Administrator\.m2\repository\org\springframework\spring-jcl\5.0.8.RELEASE\spring-jcl-5.0.8.RELEASE.jar;C:\Users\Administrator\.m2\repository\org\yaml\snakeyaml\1.19\snakeyaml-1.19.jar;C:\Users\Administrator\.m2\repository\org\springframework\boot\spring-boot-starter-web\2.0.4.RELEASE\spring-boot-starter-web-2.0.4.RELEASE.jar;C:\Users\Administrator\.m2\repository\org\springframework\boot\spring-boot-starter-json\2.0.4.RELEASE\spring-boot-starter-json-2.0.4.RELEASE.jar;C:\Users\Administrator\.m2\repository\com\fasterxml\jackson\core\jackson-databind\2.9.6\jackson-databind-2.9.6.jar;C:\Users\Administrator\.m2\repository\com\fasterxml\jackson\core\jackson-annotations\2.9.0\jackson-annotations-2.9.0.jar;C:\Users\Administrator\.m2\repository\com\fasterxml\jackson\core\jackson-core\2.9.6\jackson-core-2.9.6.jar;C:\Users\Administrator\.m2\repository\com\fasterxml\jackson\datatype\jackson-datatype-jdk8\2.9.6\jackson-datatype-jdk8-2.9.6.jar;C:\Users\Administrator\.m2\repository\com\fasterxml\jackson\datatype\jackson-datatype-jsr310\2.9.6\jackson-datatype-jsr310-2.9.6.jar;C:\Users\Administrator\.m2\repository\com\fasterxml\jackson\module\jackson-module-parameter-names\2.9.6\jackson-module-parameter-names-2.9.6.jar;C:\Users\Administrator\.m2\repository\org\springframework\boot\spring-boot-starter-tomcat\2.0.4.RELEASE\spring-boot-starter-tomcat-2.0.4.RELEASE.jar;C:\Users\Administrator\.m2\repository\org\apache\tomcat\embed\tomcat-embed-core\8.5.32\tomcat-embed-core-8.5.32.jar;C:\Users\Administrator\.m2\repository\org\apache\tomcat\embed\tomcat-embed-el\8.5.32\tomcat-embed-el-8.5.32.jar;C:\Users\Administrator\.m2\repository\org\apache\tomcat\embed\tomcat-embed-websocket\8.5.32\tomcat-embed-websocket-8.5.32.jar;C:\Users\Administrator\.m2\repository\org\hibernate\validator\hibernate-validator\6.0.11.Final\hibernate-validator-6.0.11.Final.jar;C:\Users\Administrator\.m2\repository\javax\validation\validation-api\2.0.1.Final\validation-api-2.0.1.Final.jar;C:\Users\Administrator\.m2\repository\org\jboss\logging\jboss-logging\3.3.2.Final\jboss-logging-3.3.2.Final.jar;C:\Users\Administrator\.m2\repository\com\fasterxml\classmate\1.3.4\classmate-1.3.4.jar;C:\Users\Administrator\.m2\repository\org\springframework\spring-web\5.0.8.RELEASE\spring-web-5.0.8.RELEASE.jar;C:\Users\Administrator\.m2\repository\org\springframework\spring-beans\5.0.8.RELEASE\spring-beans-5.0.8.RELEASE.jar;C:\Users\Administrator\.m2\repository\org\springframework\spring-webmvc\5.0.8.RELEASE\spring-webmvc-5.0.8.RELEASE.jar;C:\Users\Administrator\.m2\repository\org\springframework\spring-aop\5.0.8.RELEASE\spring-aop-5.0.8.RELEASE.jar;C:\Users\Administrator\.m2\repository\org\springframework\spring-expression\5.0.8.RELEASE\spring-expression-5.0.8.RELEASE.jar;C:\Users\Administrator\.m2\repository\org\springframework\boot\spring-boot-devtools\2.0.4.RELEASE\spring-boot-devtools-2.0.4.RELEASE.jar;C:\Users\Administrator\.m2\repository\com\ibeetl\beetl-framework-starter\1.1.23.RELEASE\beetl-framework-starter-1.1.23.RELEASE.jar;C:\Users\Administrator\.m2\repository\com\ibeetl\beetlsql\2.9.15\beetlsql-2.9.15.jar;C:\Users\Administrator\.m2\repository\com\ibeetl\beetl\2.7.24\beetl-2.7.24.jar;C:\Users\Administrator\.m2\repository\org\antlr\antlr4-runtime\4.2\antlr4-runtime-4.2.jar;C:\Users\Administrator\.m2\repository\org\abego\treelayout\org.abego.treelayout.core\1.0.1\org.abego.treelayout.core-1.0.1.jar;C:\Users\Administrator\.m2\repository\org\antlr\antlr4-annotations\4.2\antlr4-annotations-4.2.jar;C:\Users\Administrator\.m2\repository\org\springframework\boot\spring-boot-starter-jdbc\2.0.4.RELEASE\spring-boot-starter-jdbc-2.0.4.RELEASE.jar;C:\Users\Administrator\.m2\repository\org\springframework\spring-jdbc\5.0.8.RELEASE\spring-jdbc-5.0.8.RELEASE.jar;C:\Users\Administrator\.m2\repository\org\springframework\spring-tx\5.0.8.RELEASE\spring-tx-5.0.8.RELEASE.jar;C:\Users\Administrator\.m2\repository\com\zaxxer\HikariCP\2.7.9\HikariCP-2.7.9.jar;C:\Users\Administrator\.m2\repository\org\slf4j\slf4j-api\1.7.25\slf4j-api-1.7.25.jar;C:\Users\Administrator\.m2\repository\mysql\mysql-connector-java\5.1.46\mysql-connector-java-5.1.46.jar;C:\Users\Administrator\.m2\repository\org\springframework\boot\spring-boot-starter-data-jpa\2.0.4.RELEASE\spring-boot-starter-data-jpa-2.0.4.RELEASE.jar;C:\Users\Administrator\.m2\repository\org\springframework\boot\spring-boot-starter-aop\2.0.4.RELEASE\spring-boot-starter-aop-2.0.4.RELEASE.jar;C:\Users\Administrator\.m2\repository\org\aspectj\aspectjweaver\1.8.13\aspectjweaver-1.8.13.jar;C:\Users\Administrator\.m2\repository\org\hibernate\hibernate-core\5.2.17.Final\hibernate-core-5.2.17.Final.jar;C:\Users\Administrator\.m2\repository\org\hibernate\javax\persistence\hibernate-jpa-2.1-api\1.0.2.Final\hibernate-jpa-2.1-api-1.0.2.Final.jar;C:\Users\Administrator\.m2\repository\org\javassist\javassist\3.22.0-GA\javassist-3.22.0-GA.jar;C:\Users\Administrator\.m2\repository\antlr\antlr\2.7.7\antlr-2.7.7.jar;C:\Users\Administrator\.m2\repository\org\jboss\jandex\2.0.3.Final\jandex-2.0.3.Final.jar;C:\Users\Administrator\.m2\repository\dom4j\dom4j\1.6.1\dom4j-1.6.1.jar;C:\Users\Administrator\.m2\repository\org\hibernate\common\hibernate-commons-annotations\5.0.1.Final\hibernate-commons-annotations-5.0.1.Final.jar;C:\Users\Administrator\.m2\repository\javax\transaction\javax.transaction-api\1.2\javax.transaction-api-1.2.jar;C:\Users\Administrator\.m2\repository\org\springframework\data\spring-data-jpa\2.0.9.RELEASE\spring-data-jpa-2.0.9.RELEASE.jar;C:\Users\Administrator\.m2\repository\org\springframework\data\spring-data-commons\2.0.9.RELEASE\spring-data-commons-2.0.9.RELEASE.jar;C:\Users\Administrator\.m2\repository\org\springframework\spring-orm\5.0.8.RELEASE\spring-orm-5.0.8.RELEASE.jar;C:\Users\Administrator\.m2\repository\org\springframework\spring-aspects\5.0.8.RELEASE\spring-aspects-5.0.8.RELEASE.jar;C:\Users\Administrator\.m2\repository\org\springframework\boot\spring-boot-starter-data-redis\2.0.4.RELEASE\spring-boot-starter-data-redis-2.0.4.RELEASE.jar;C:\Users\Administrator\.m2\repository\org\springframework\data\spring-data-redis\2.0.9.RELEASE\spring-data-redis-2.0.9.RELEASE.jar;C:\Users\Administrator\.m2\repository\org\springframework\data\spring-data-keyvalue\2.0.9.RELEASE\spring-data-keyvalue-2.0.9.RELEASE.jar;C:\Users\Administrator\.m2\repository\org\springframework\spring-oxm\5.0.8.RELEASE\spring-oxm-5.0.8.RELEASE.jar;C:\Users\Administrator\.m2\repository\org\springframework\spring-context-support\5.0.8.RELEASE\spring-context-support-5.0.8.RELEASE.jar;C:\Users\Administrator\.m2\repository\io\lettuce\lettuce-core\5.0.4.RELEASE\lettuce-core-5.0.4.RELEASE.jar;C:\Users\Administrator\.m2\repository\io\projectreactor\reactor-core\3.1.8.RELEASE\reactor-core-3.1.8.RELEASE.jar;C:\Users\Administrator\.m2\repository\org\reactivestreams\reactive-streams\1.0.2\reactive-streams-1.0.2.jar;C:\Users\Administrator\.m2\repository\io\netty\netty-common\4.1.27.Final\netty-common-4.1.27.Final.jar;C:\Users\Administrator\.m2\repository\io\netty\netty-transport\4.1.27.Final\netty-transport-4.1.27.Final.jar;C:\Users\Administrator\.m2\repository\io\netty\netty-buffer\4.1.27.Final\netty-buffer-4.1.27.Final.jar;C:\Users\Administrator\.m2\repository\io\netty\netty-resolver\4.1.27.Final\netty-resolver-4.1.27.Final.jar;C:\Users\Administrator\.m2\repository\io\netty\netty-handler\4.1.27.Final\netty-handler-4.1.27.Final.jar;C:\Users\Administrator\.m2\repository\io\netty\netty-codec\4.1.27.Final\netty-codec-4.1.27.Final.jar;C:\Users\Administrator\.m2\repository\org\springframework\boot\spring-boot-starter-test\2.0.4.RELEASE\spring-boot-starter-test-2.0.4.RELEASE.jar;C:\Users\Administrator\.m2\repository\org\springframework\boot\spring-boot-test\2.0.4.RELEASE\spring-boot-test-2.0.4.RELEASE.jar;C:\Users\Administrator\.m2\repository\org\springframework\boot\spring-boot-test-autoconfigure\2.0.4.RELEASE\spring-boot-test-autoconfigure-2.0.4.RELEASE.jar;C:\Users\Administrator\.m2\repository\com\jayway\jsonpath\json-path\2.4.0\json-path-2.4.0.jar;C:\Users\Administrator\.m2\repository\net\minidev\json-smart\2.3\json-smart-2.3.jar;C:\Users\Administrator\.m2\repository\net\minidev\accessors-smart\1.2\accessors-smart-1.2.jar;C:\Users\Administrator\.m2\repository\org\ow2\asm\asm\5.0.4\asm-5.0.4.jar;C:\Users\Administrator\.m2\repository\junit\junit\4.12\junit-4.12.jar;C:\Users\Administrator\.m2\repository\org\assertj\assertj-core\3.9.1\assertj-core-3.9.1.jar;C:\Users\Administrator\.m2\repository\org\mockito\mockito-core\2.15.0\mockito-core-2.15.0.jar;C:\Users\Administrator\.m2\repository\net\bytebuddy\byte-buddy\1.7.11\byte-buddy-1.7.11.jar;C:\Users\Administrator\.m2\repository\net\bytebuddy\byte-buddy-agent\1.7.11\byte-buddy-agent-1.7.11.jar;C:\Users\Administrator\.m2\repository\org\objenesis\objenesis\2.6\objenesis-2.6.jar;C:\Users\Administrator\.m2\repository\org\hamcrest\hamcrest-core\1.3\hamcrest-core-1.3.jar;C:\Users\Administrator\.m2\repository\org\hamcrest\hamcrest-library\1.3\hamcrest-library-1.3.jar;C:\Users\Administrator\.m2\repository\org\skyscreamer\jsonassert\1.5.0\jsonassert-1.5.0.jar;C:\Users\Administrator\.m2\repository\com\vaadin\external\google\android-json\0.0.20131108.vaadin1\android-json-0.0.20131108.vaadin1.jar;C:\Users\Administrator\.m2\repository\org\springframework\spring-test\5.0.8.RELEASE\spring-test-5.0.8.RELEASE.jar;C:\Users\Administrator\.m2\repository\org\xmlunit\xmlunit-core\2.5.1\xmlunit-core-2.5.1.jar;C:\Users\Administrator\.m2\repository\org\mybatis\spring\boot\mybatis-spring-boot-starter\1.3.1\mybatis-spring-boot-starter-1.3.1.jar;C:\Users\Administrator\.m2\repository\org\mybatis\spring\boot\mybatis-spring-boot-autoconfigure\1.3.1\mybatis-spring-boot-autoconfigure-1.3.1.jar;C:\Users\Administrator\.m2\repository\org\mybatis\mybatis\3.4.5\mybatis-3.4.5.jar;C:\Users\Administrator\.m2\repository\org\mybatis\mybatis-spring\1.3.1\mybatis-spring-1.3.1.jar;C:\Users\Administrator\.m2\repository\tk\mybatis\mapper-spring-boot-starter\1.2.4\mapper-spring-boot-starter-1.2.4.jar;C:\Users\Administrator\.m2\repository\tk\mybatis\mapper-spring-boot-autoconfigure\1.2.4\mapper-spring-boot-autoconfigure-1.2.4.jar;C:\Users\Administrator\.m2\repository\tk\mybatis\mapper\3.5.3\mapper-3.5.3.jar;C:\Users\Administrator\.m2\repository\javax\persistence\persistence-api\1.0\persistence-api-1.0.jar;C:\Users\Administrator\.m2\repository\com\github\pagehelper\pagehelper-spring-boot-starter\1.2.3\pagehelper-spring-boot-starter-1.2.3.jar;C:\Users\Administrator\.m2\repository\com\github\pagehelper\pagehelper-spring-boot-autoconfigure\1.2.3\pagehelper-spring-boot-autoconfigure-1.2.3.jar;C:\Users\Administrator\.m2\repository\com\github\pagehelper\pagehelper\5.1.2\pagehelper-5.1.2.jar;C:\Users\Administrator\.m2\repository\com\github\jsqlparser\jsqlparser\1.0\jsqlparser-1.0.jar;C:\Users\Administrator\.m2\repository\com\alibaba\druid-spring-boot-starter\1.1.9\druid-spring-boot-starter-1.1.9.jar;C:\Users\Administrator\.m2\repository\com\alibaba\druid\1.1.9\druid-1.1.9.jar;C:\Users\Administrator\.m2\repository\org\mybatis\generator\mybatis-generator-core\1.3.2\mybatis-generator-core-1.3.2.jar;, user.name=wxp, java.vm.specification.version=1.8, sun.java.command=C:\Users\ADMINI~1\AppData\Local\Temp\surefire4767403070480715283\surefirebooter1722287248415114656.jar C:\Users\Administrator\AppData\Local\Temp\surefire4767403070480715283 2018-08-12T09-18-54_258-jvmRun1 surefire7657042898109388360tmp surefire_07582697614925569913tmp, java.home=C:\InstallWork\jdk1.8, sun.arch.data.model=64, user.language=zh, java.specification.vendor=Oracle Corporation, awt.toolkit=sun.awt.windows.WToolkit, java.vm.info=mixed mode, java.version=1.8.0_31, java.ext.dirs=C:\InstallWork\jdk1.8\lib\ext;C:\WINDOWS\Sun\Java\lib\ext, sun.boot.class.path=C:\InstallWork\jdk1.8\lib\resources.jar;C:\InstallWork\jdk1.8\lib\rt.jar;C:\InstallWork\jdk1.8\lib\sunrsasign.jar;C:\InstallWork\jdk1.8\lib\jsse.jar;C:\InstallWork\jdk1.8\lib\jce.jar;C:\InstallWork\jdk1.8\lib\charsets.jar;C:\InstallWork\jdk1.8\lib\jfr.jar;C:\InstallWork\jdk1.8\classes, java.vendor=Oracle Corporation, localRepository=C:\Users\Administrator\.m2\repository, file.separator=\, java.vendor.url.bug=http://bugreport.sun.com/bugreport/, sun.io.unicode.encoding=UnicodeLittle, sun.cpu.endian=little, sun.desktop=windows, sun.cpu.isalist=amd64}}, SystemEnvironmentPropertySource@1453774246 {name='systemEnvironment', properties={PATH=C:\ProgramData\Oracle\Java\javapath;C:\WINDOWS\system32;C:\WINDOWS;C:\WINDOWS\System32\Wbem;C:\WINDOWS\System32\WindowsPowerShell\v1.0\;"C:\InstallWork\jdk1.8\bin;C:\InstallWork\jdk1.8\jre\bin;";E:\Linux工具\Linux程序开发软件\hadoop-2.6.5\bin;D:\InstallTool\Git\cmd;"D:\InstallSoft\apache-maven-3.5.3\bin;";C:\Users\Administrator\AppData\Local\Microsoft\WindowsApps;, USERDOMAIN_ROAMINGPROFILE=AGOC3-711242104, LOCALAPPDATA=C:\Users\Administrator\AppData\Local, PROCESSOR_LEVEL=6, SYSTEMDRIVE=C:, COMMONPROGRAMFILES(X86)=C:\Program Files (x86)\Common Files, USERDOMAIN=AGOC3-711242104, FPS_BROWSER_APP_PROFILE_STRING=Internet Explorer, LOGONSERVER=\\AGOC3-711242104, JAVA_HOME=C:\InstallWork\jdk1.8, PROMPT=$P$G, SESSIONNAME=Console, ALLUSERSPROFILE=C:\ProgramData, LNKEVN=C:\Program Files (x86)\Internet Explorer\iexplore.exe, PROGRAMFILES(X86)=C:\Program Files (x86), PROCESSOR_ARCHITECTURE=AMD64, MAVEN_HOME=D:\InstallSoft\apache-maven-3.5.3, PROGRAMFILES=C:\Program Files, APPDATA=C:\Users\Administrator\AppData\Roaming, MOZ_PLUGIN_PATH=D:\InstallTool\FoxitReader\Foxit Reader\plugins\, PSMODULEPATH=C:\Program Files\WindowsPowerShell\Modules;C:\WINDOWS\system32\WindowsPowerShell\v1.0\Modules, PROGRAMW6432=C:\Program Files, PROGRAMDATA=C:\ProgramData, SYSTEMROOT=C:\WINDOWS, USERNAME=wxp, FPS_BROWSER_USER_PROFILE_STRING=Default, PATHEXT=.COM;.EXE;.BAT;.CMD;.VBS;.VBE;.JS;.JSE;.WSF;.WSH;.MSC, OS=Windows_NT, COMMONPROGRAMW6432=C:\Program Files\Common Files, COMPUTERNAME=AGOC3-711242104, COMMONPROGRAMFILES=C:\Program Files\Common Files, COMSPEC=C:\WINDOWS\system32\cmd.exe, PROCESSOR_REVISION=3a09, CLASSPATH=.;C:\InstallWork\jdk1.8\lib\dt.jar;C:\InstallWork\jdk1.8\lib\tools.jar;E:\Linux工具\Linux程序开发软件\hadoop-2.6.5\bin\winutils.exe;, WINDIR=C:\WINDOWS, =D:=D:\StudySpace\SpringBoot\spring-boot-db, HOMEPATH=\Users\Administrator, TEMP=C:\Users\ADMINI~1\AppData\Local\Temp, HOMEDRIVE=C:, PROCESSOR_IDENTIFIER=Intel64 Family 6 Model 58 Stepping 9, GenuineIntel, USERPROFILE=C:\Users\Administrator, TMP=C:\Users\ADMINI~1\AppData\Local\Temp, HADOOP_HOME=E:\Linux工具\Linux程序开发软件\hadoop-2.6.5, PUBLIC=C:\Users\Public, NUMBER_OF_PROCESSORS=4, =::=::\}}]
09:18:56.745 [main] DEBUG org.springframework.core.io.support.PathMatchingResourcePatternResolver - Resolved classpath location [com/example/springbootmvc/controller/] to resources [URL [file:/D:/StudySpace/SpringBoot/spring-boot-db/target/test-classes/com/example/springbootmvc/controller/], URL [file:/D:/StudySpace/SpringBoot/spring-boot-db/target/classes/com/example/springbootmvc/controller/]]
09:18:56.746 [main] DEBUG org.springframework.core.io.support.PathMatchingResourcePatternResolver - Looking for matching resources in directory tree [D:\StudySpace\SpringBoot\spring-boot-db\target\test-classes\com\example\springbootmvc\controller]
09:18:56.747 [main] DEBUG org.springframework.core.io.support.PathMatchingResourcePatternResolver - Searching directory [D:\StudySpace\SpringBoot\spring-boot-db\target\test-classes\com\example\springbootmvc\controller] for files matching pattern [D:/StudySpace/SpringBoot/spring-boot-db/target/test-classes/com/example/springbootmvc/controller/*.class]
09:18:56.751 [main] DEBUG org.springframework.core.io.support.PathMatchingResourcePatternResolver - Looking for matching resources in directory tree [D:\StudySpace\SpringBoot\spring-boot-db\target\classes\com\example\springbootmvc\controller]
09:18:56.752 [main] DEBUG org.springframework.core.io.support.PathMatchingResourcePatternResolver - Searching directory [D:\StudySpace\SpringBoot\spring-boot-db\target\classes\com\example\springbootmvc\controller] for files matching pattern [D:/StudySpace/SpringBoot/spring-boot-db/target/classes/com/example/springbootmvc/controller/*.class]
09:18:56.754 [main] DEBUG org.springframework.core.io.support.PathMatchingResourcePatternResolver - Resolved location pattern [classpath*:com/example/springbootmvc/controller/*.class] to resources [file [D:\StudySpace\SpringBoot\spring-boot-db\target\test-classes\com\example\springbootmvc\controller\UserControllerTest.class], file [D:\StudySpace\SpringBoot\spring-boot-db\target\classes\com\example\springbootmvc\controller\PropertyController.class], file [D:\StudySpace\SpringBoot\spring-boot-db\target\classes\com\example\springbootmvc\controller\UserController.class]]
09:18:56.800 [main] DEBUG org.springframework.core.io.support.PathMatchingResourcePatternResolver - Resolved classpath location [com/example/springbootmvc/] to resources [URL [file:/D:/StudySpace/SpringBoot/spring-boot-db/target/test-classes/com/example/springbootmvc/], URL [file:/D:/StudySpace/SpringBoot/spring-boot-db/target/classes/com/example/springbootmvc/]]
09:18:56.800 [main] DEBUG org.springframework.core.io.support.PathMatchingResourcePatternResolver - Looking for matching resources in directory tree [D:\StudySpace\SpringBoot\spring-boot-db\target\test-classes\com\example\springbootmvc]
09:18:56.800 [main] DEBUG org.springframework.core.io.support.PathMatchingResourcePatternResolver - Searching directory [D:\StudySpace\SpringBoot\spring-boot-db\target\test-classes\com\example\springbootmvc] for files matching pattern [D:/StudySpace/SpringBoot/spring-boot-db/target/test-classes/com/example/springbootmvc/*.class]
09:18:56.808 [main] DEBUG org.springframework.core.io.support.PathMatchingResourcePatternResolver - Looking for matching resources in directory tree [D:\StudySpace\SpringBoot\spring-boot-db\target\classes\com\example\springbootmvc]
09:18:56.809 [main] DEBUG org.springframework.core.io.support.PathMatchingResourcePatternResolver - Searching directory [D:\StudySpace\SpringBoot\spring-boot-db\target\classes\com\example\springbootmvc] for files matching pattern [D:/StudySpace/SpringBoot/spring-boot-db/target/classes/com/example/springbootmvc/*.class]
09:18:56.812 [main] DEBUG org.springframework.core.io.support.PathMatchingResourcePatternResolver - Resolved location pattern [classpath*:com/example/springbootmvc/*.class] to resources [file [D:\StudySpace\SpringBoot\spring-boot-db\target\test-classes\com\example\springbootmvc\SpringBootMvcApplicationTests.class], file [D:\StudySpace\SpringBoot\spring-boot-db\target\classes\com\example\springbootmvc\SpringBootMvcApplication.class]]
09:18:56.842 [main] DEBUG org.springframework.context.annotation.ClassPathScanningCandidateComponentProvider - Identified candidate component class: file [D:\StudySpace\SpringBoot\spring-boot-db\target\classes\com\example\springbootmvc\SpringBootMvcApplication.class]
09:18:56.843 [main] INFO org.springframework.boot.test.context.SpringBootTestContextBootstrapper - Found @SpringBootConfiguration com.example.springbootmvc.SpringBootMvcApplication for test class com.example.springbootmvc.controller.UserControllerTest
09:18:56.846 [main] DEBUG org.springframework.boot.test.autoconfigure.web.servlet.WebMvcTestContextBootstrapper - @TestExecutionListeners is not present for class [com.example.springbootmvc.controller.UserControllerTest]: using defaults.
09:18:56.847 [main] INFO org.springframework.boot.test.autoconfigure.web.servlet.WebMvcTestContextBootstrapper - Loaded default TestExecutionListener class names from location [META-INF/spring.factories]: [org.springframework.boot.test.mock.mockito.MockitoTestExecutionListener, org.springframework.boot.test.mock.mockito.ResetMocksTestExecutionListener, org.springframework.boot.test.autoconfigure.restdocs.RestDocsTestExecutionListener, org.springframework.boot.test.autoconfigure.web.client.MockRestServiceServerResetTestExecutionListener, org.springframework.boot.test.autoconfigure.web.servlet.MockMvcPrintOnlyOnFailureTestExecutionListener, org.springframework.boot.test.autoconfigure.web.servlet.WebDriverTestExecutionListener, org.springframework.test.context.web.ServletTestExecutionListener, org.springframework.test.context.support.DirtiesContextBeforeModesTestExecutionListener, org.springframework.test.context.support.DependencyInjectionTestExecutionListener, org.springframework.test.context.support.DirtiesContextTestExecutionListener, org.springframework.test.context.transaction.TransactionalTestExecutionListener, org.springframework.test.context.jdbc.SqlScriptsTestExecutionListener]
09:18:56.882 [main] INFO org.springframework.boot.test.autoconfigure.web.servlet.WebMvcTestContextBootstrapper - Using TestExecutionListeners: [org.springframework.test.context.web.ServletTestExecutionListener@5c5eefef, org.springframework.test.context.support.DirtiesContextBeforeModesTestExecutionListener@16293aa2, org.springframework.boot.test.mock.mockito.MockitoTestExecutionListener@5158b42f, org.springframework.boot.test.autoconfigure.SpringBootDependencyInjectionTestExecutionListener@595b007d, org.springframework.test.context.support.DirtiesContextTestExecutionListener@72d1ad2e, org.springframework.test.context.transaction.TransactionalTestExecutionListener@2d7275fc, org.springframework.test.context.jdbc.SqlScriptsTestExecutionListener@399f45b1, org.springframework.boot.test.mock.mockito.ResetMocksTestExecutionListener@38c6f217, org.springframework.boot.test.autoconfigure.restdocs.RestDocsTestExecutionListener@478190fc, org.springframework.boot.test.autoconfigure.web.client.MockRestServiceServerResetTestExecutionListener@79e2c065, org.springframework.boot.test.autoconfigure.web.servlet.MockMvcPrintOnlyOnFailureTestExecutionListener@3a93b025, org.springframework.boot.test.autoconfigure.web.servlet.WebDriverTestExecutionListener@35cabb2a]
09:18:56.888 [main] DEBUG org.springframework.test.annotation.ProfileValueUtils - Retrieved @ProfileValueSourceConfiguration [null] for test class [com.example.springbootmvc.controller.UserControllerTest]
09:18:56.889 [main] DEBUG org.springframework.test.annotation.ProfileValueUtils - Retrieved ProfileValueSource type [class org.springframework.test.annotation.SystemProfileValueSource] for class [com.example.springbootmvc.controller.UserControllerTest]
09:18:56.893 [main] DEBUG org.springframework.test.annotation.ProfileValueUtils - Retrieved @ProfileValueSourceConfiguration [null] for test class [com.example.springbootmvc.controller.UserControllerTest]
09:18:56.894 [main] DEBUG org.springframework.test.annotation.ProfileValueUtils - Retrieved ProfileValueSource type [class org.springframework.test.annotation.SystemProfileValueSource] for class [com.example.springbootmvc.controller.UserControllerTest]
09:18:56.896 [main] DEBUG org.springframework.test.annotation.ProfileValueUtils - Retrieved @ProfileValueSourceConfiguration [null] for test class [com.example.springbootmvc.controller.UserControllerTest]
09:18:56.897 [main] DEBUG org.springframework.test.annotation.ProfileValueUtils - Retrieved ProfileValueSource type [class org.springframework.test.annotation.SystemProfileValueSource] for class [com.example.springbootmvc.controller.UserControllerTest]
09:18:56.904 [main] DEBUG org.springframework.test.context.support.AbstractDirtiesContextTestExecutionListener - Before test class: context [DefaultTestContext@67c27493 testClass = UserControllerTest, testInstance = [null], testMethod = [null], testException = [null], mergedContextConfiguration = [WebMergedContextConfiguration@1a482e36 testClass = UserControllerTest, locations = '{}', classes = '{class com.example.springbootmvc.SpringBootMvcApplication}', contextInitializerClasses = '[]', activeProfiles = '{}', propertySourceLocations = '{}', propertySourceProperties = '{org.springframework.boot.test.autoconfigure.web.servlet.WebMvcTestContextBootstrapper=true}', contextCustomizers = set[[ImportsContextCustomizer@72967906 key = [org.springframework.boot.autoconfigure.cache.CacheAutoConfiguration, org.springframework.boot.autoconfigure.context.MessageSourceAutoConfiguration, org.springframework.boot.autoconfigure.freemarker.FreeMarkerAutoConfiguration, org.springframework.boot.autoconfigure.groovy.template.GroovyTemplateAutoConfiguration, org.springframework.boot.autoconfigure.gson.GsonAutoConfiguration, org.springframework.boot.autoconfigure.hateoas.HypermediaAutoConfiguration, org.springframework.boot.autoconfigure.http.HttpMessageConvertersAutoConfiguration, org.springframework.boot.autoconfigure.jackson.JacksonAutoConfiguration, org.springframework.boot.autoconfigure.jsonb.JsonbAutoConfiguration, org.springframework.boot.autoconfigure.mustache.MustacheAutoConfiguration, org.springframework.boot.autoconfigure.thymeleaf.ThymeleafAutoConfiguration, org.springframework.boot.autoconfigure.validation.ValidationAutoConfiguration, org.springframework.boot.autoconfigure.web.servlet.error.ErrorMvcAutoConfiguration, org.springframework.boot.autoconfigure.web.servlet.WebMvcAutoConfiguration, org.springframework.boot.test.autoconfigure.web.servlet.MockMvcAutoConfiguration, org.springframework.boot.test.autoconfigure.web.servlet.MockMvcSecurityAutoConfiguration, org.springframework.boot.test.autoconfigure.web.servlet.MockMvcWebClientAutoConfiguration, org.springframework.boot.test.autoconfigure.web.servlet.MockMvcWebDriverAutoConfiguration]], org.springframework.boot.test.context.filter.ExcludeFilterContextCustomizer@2145433b, org.springframework.boot.test.json.DuplicateJsonObjectContextCustomizerFactory$DuplicateJsonObjectContextCustomizer@1b083826, org.springframework.boot.test.mock.mockito.MockitoContextCustomizer@144b7601, org.springframework.boot.test.autoconfigure.OverrideAutoConfigurationContextCustomizerFactory$DisableAutoConfigurationContextCustomizer@6b419da, org.springframework.boot.test.autoconfigure.filter.TypeExcludeFiltersContextCustomizer@8daf67b, org.springframework.boot.test.autoconfigure.properties.PropertyMappingContextCustomizer@cb0952bb, org.springframework.boot.test.autoconfigure.web.servlet.WebDriverContextCustomizerFactory$Customizer@7d3a22a9], resourceBasePath = '', contextLoader = 'org.springframework.boot.test.context.SpringBootContextLoader', parent = [null]], attributes = map[[empty]]], class annotated with @DirtiesContext [false] with mode [null].
09:18:56.906 [main] DEBUG org.springframework.test.annotation.ProfileValueUtils - Retrieved @ProfileValueSourceConfiguration [null] for test class [com.example.springbootmvc.controller.UserControllerTest]
09:18:56.906 [main] DEBUG org.springframework.test.annotation.ProfileValueUtils - Retrieved ProfileValueSource type [class org.springframework.test.annotation.SystemProfileValueSource] for class [com.example.springbootmvc.controller.UserControllerTest]
09:18:56.988 [main] DEBUG org.springframework.core.env.StandardEnvironment - Adding PropertySource 'systemProperties' with lowest search precedence
09:18:56.988 [main] DEBUG org.springframework.core.env.StandardEnvironment - Adding PropertySource 'systemEnvironment' with lowest search precedence
09:18:56.988 [main] DEBUG org.springframework.core.env.StandardEnvironment - Initialized StandardEnvironment with PropertySources [MapPropertySource@561959774 {name='systemProperties', properties={idea.version=2017.2.3, java.runtime.name=Java(TM) SE Runtime Environment, sun.boot.library.path=C:\InstallWork\jdk1.8\bin, java.vm.version=25.31-b07, java.vm.vendor=Oracle Corporation, java.vendor.url=http://java.oracle.com/, path.separator=;, java.vm.name=Java HotSpot(TM) 64-Bit Server VM, file.encoding.pkg=sun.io, user.country=CN, user.script=, sun.java.launcher=SUN_STANDARD, sun.os.patch.level=, java.vm.specification.name=Java Virtual Machine Specification, user.dir=D:\StudySpace\SpringBoot\spring-boot-db, java.runtime.version=1.8.0_31-b13, basedir=D:\StudySpace\SpringBoot\spring-boot-db, java.awt.graphicsenv=sun.awt.Win32GraphicsEnvironment, java.endorsed.dirs=C:\InstallWork\jdk1.8\lib\endorsed, os.arch=amd64, surefire.real.class.path=C:\Users\ADMINI~1\AppData\Local\Temp\surefire4767403070480715283\surefirebooter1722287248415114656.jar, java.io.tmpdir=C:\Users\ADMINI~1\AppData\Local\Temp\, line.separator=
, java.vm.specification.vendor=Oracle Corporation, user.variant=, os.name=Windows 8.1, sun.jnu.encoding=GBK, java.library.path=C:\InstallWork\jdk1.8\bin;C:\WINDOWS\Sun\Java\bin;C:\WINDOWS\system32;C:\WINDOWS;C:\ProgramData\Oracle\Java\javapath;C:\WINDOWS\system32;C:\WINDOWS;C:\WINDOWS\System32\Wbem;C:\WINDOWS\System32\WindowsPowerShell\v1.0\;"C:\InstallWork\jdk1.8\bin;C:\InstallWork\jdk1.8\jre\bin;";E:\Linux工具\Linux程序开发软件\hadoop-2.6.5\bin;D:\InstallTool\Git\cmd;"D:\InstallSoft\apache-maven-3.5.3\bin;";C:\Users\Administrator\AppData\Local\Microsoft\WindowsApps;;., surefire.test.class.path=D:\StudySpace\SpringBoot\spring-boot-db\target\test-classes;D:\StudySpace\SpringBoot\spring-boot-db\target\classes;C:\Users\Administrator\.m2\repository\org\springframework\boot\spring-boot-starter\2.0.4.RELEASE\spring-boot-starter-2.0.4.RELEASE.jar;C:\Users\Administrator\.m2\repository\org\springframework\boot\spring-boot\2.0.4.RELEASE\spring-boot-2.0.4.RELEASE.jar;C:\Users\Administrator\.m2\repository\org\springframework\spring-context\5.0.8.RELEASE\spring-context-5.0.8.RELEASE.jar;C:\Users\Administrator\.m2\repository\org\springframework\boot\spring-boot-autoconfigure\2.0.4.RELEASE\spring-boot-autoconfigure-2.0.4.RELEASE.jar;C:\Users\Administrator\.m2\repository\org\springframework\boot\spring-boot-starter-logging\2.0.4.RELEASE\spring-boot-starter-logging-2.0.4.RELEASE.jar;C:\Users\Administrator\.m2\repository\ch\qos\logback\logback-classic\1.2.3\logback-classic-1.2.3.jar;C:\Users\Administrator\.m2\repository\ch\qos\logback\logback-core\1.2.3\logback-core-1.2.3.jar;C:\Users\Administrator\.m2\repository\org\apache\logging\log4j\log4j-to-slf4j\2.10.0\log4j-to-slf4j-2.10.0.jar;C:\Users\Administrator\.m2\repository\org\apache\logging\log4j\log4j-api\2.10.0\log4j-api-2.10.0.jar;C:\Users\Administrator\.m2\repository\org\slf4j\jul-to-slf4j\1.7.25\jul-to-slf4j-1.7.25.jar;C:\Users\Administrator\.m2\repository\javax\annotation\javax.annotation-api\1.3.2\javax.annotation-api-1.3.2.jar;C:\Users\Administrator\.m2\repository\org\springframework\spring-core\5.0.8.RELEASE\spring-core-5.0.8.RELEASE.jar;C:\Users\Administrator\.m2\repository\org\springframework\spring-jcl\5.0.8.RELEASE\spring-jcl-5.0.8.RELEASE.jar;C:\Users\Administrator\.m2\repository\org\yaml\snakeyaml\1.19\snakeyaml-1.19.jar;C:\Users\Administrator\.m2\repository\org\springframework\boot\spring-boot-starter-web\2.0.4.RELEASE\spring-boot-starter-web-2.0.4.RELEASE.jar;C:\Users\Administrator\.m2\repository\org\springframework\boot\spring-boot-starter-json\2.0.4.RELEASE\spring-boot-starter-json-2.0.4.RELEASE.jar;C:\Users\Administrator\.m2\repository\com\fasterxml\jackson\core\jackson-databind\2.9.6\jackson-databind-2.9.6.jar;C:\Users\Administrator\.m2\repository\com\fasterxml\jackson\core\jackson-annotations\2.9.0\jackson-annotations-2.9.0.jar;C:\Users\Administrator\.m2\repository\com\fasterxml\jackson\core\jackson-core\2.9.6\jackson-core-2.9.6.jar;C:\Users\Administrator\.m2\repository\com\fasterxml\jackson\datatype\jackson-datatype-jdk8\2.9.6\jackson-datatype-jdk8-2.9.6.jar;C:\Users\Administrator\.m2\repository\com\fasterxml\jackson\datatype\jackson-datatype-jsr310\2.9.6\jackson-datatype-jsr310-2.9.6.jar;C:\Users\Administrator\.m2\repository\com\fasterxml\jackson\module\jackson-module-parameter-names\2.9.6\jackson-module-parameter-names-2.9.6.jar;C:\Users\Administrator\.m2\repository\org\springframework\boot\spring-boot-starter-tomcat\2.0.4.RELEASE\spring-boot-starter-tomcat-2.0.4.RELEASE.jar;C:\Users\Administrator\.m2\repository\org\apache\tomcat\embed\tomcat-embed-core\8.5.32\tomcat-embed-core-8.5.32.jar;C:\Users\Administrator\.m2\repository\org\apache\tomcat\embed\tomcat-embed-el\8.5.32\tomcat-embed-el-8.5.32.jar;C:\Users\Administrator\.m2\repository\org\apache\tomcat\embed\tomcat-embed-websocket\8.5.32\tomcat-embed-websocket-8.5.32.jar;C:\Users\Administrator\.m2\repository\org\hibernate\validator\hibernate-validator\6.0.11.Final\hibernate-validator-6.0.11.Final.jar;C:\Users\Administrator\.m2\repository\javax\validation\validation-api\2.0.1.Final\validation-api-2.0.1.Final.jar;C:\Users\Administrator\.m2\repository\org\jboss\logging\jboss-logging\3.3.2.Final\jboss-logging-3.3.2.Final.jar;C:\Users\Administrator\.m2\repository\com\fasterxml\classmate\1.3.4\classmate-1.3.4.jar;C:\Users\Administrator\.m2\repository\org\springframework\spring-web\5.0.8.RELEASE\spring-web-5.0.8.RELEASE.jar;C:\Users\Administrator\.m2\repository\org\springframework\spring-beans\5.0.8.RELEASE\spring-beans-5.0.8.RELEASE.jar;C:\Users\Administrator\.m2\repository\org\springframework\spring-webmvc\5.0.8.RELEASE\spring-webmvc-5.0.8.RELEASE.jar;C:\Users\Administrator\.m2\repository\org\springframework\spring-aop\5.0.8.RELEASE\spring-aop-5.0.8.RELEASE.jar;C:\Users\Administrator\.m2\repository\org\springframework\spring-expression\5.0.8.RELEASE\spring-expression-5.0.8.RELEASE.jar;C:\Users\Administrator\.m2\repository\org\springframework\boot\spring-boot-devtools\2.0.4.RELEASE\spring-boot-devtools-2.0.4.RELEASE.jar;C:\Users\Administrator\.m2\repository\com\ibeetl\beetl-framework-starter\1.1.23.RELEASE\beetl-framework-starter-1.1.23.RELEASE.jar;C:\Users\Administrator\.m2\repository\com\ibeetl\beetlsql\2.9.15\beetlsql-2.9.15.jar;C:\Users\Administrator\.m2\repository\com\ibeetl\beetl\2.7.24\beetl-2.7.24.jar;C:\Users\Administrator\.m2\repository\org\antlr\antlr4-runtime\4.2\antlr4-runtime-4.2.jar;C:\Users\Administrator\.m2\repository\org\abego\treelayout\org.abego.treelayout.core\1.0.1\org.abego.treelayout.core-1.0.1.jar;C:\Users\Administrator\.m2\repository\org\antlr\antlr4-annotations\4.2\antlr4-annotations-4.2.jar;C:\Users\Administrator\.m2\repository\org\springframework\boot\spring-boot-starter-jdbc\2.0.4.RELEASE\spring-boot-starter-jdbc-2.0.4.RELEASE.jar;C:\Users\Administrator\.m2\repository\org\springframework\spring-jdbc\5.0.8.RELEASE\spring-jdbc-5.0.8.RELEASE.jar;C:\Users\Administrator\.m2\repository\org\springframework\spring-tx\5.0.8.RELEASE\spring-tx-5.0.8.RELEASE.jar;C:\Users\Administrator\.m2\repository\com\zaxxer\HikariCP\2.7.9\HikariCP-2.7.9.jar;C:\Users\Administrator\.m2\repository\org\slf4j\slf4j-api\1.7.25\slf4j-api-1.7.25.jar;C:\Users\Administrator\.m2\repository\mysql\mysql-connector-java\5.1.46\mysql-connector-java-5.1.46.jar;C:\Users\Administrator\.m2\repository\org\springframework\boot\spring-boot-starter-data-jpa\2.0.4.RELEASE\spring-boot-starter-data-jpa-2.0.4.RELEASE.jar;C:\Users\Administrator\.m2\repository\org\springframework\boot\spring-boot-starter-aop\2.0.4.RELEASE\spring-boot-starter-aop-2.0.4.RELEASE.jar;C:\Users\Administrator\.m2\repository\org\aspectj\aspectjweaver\1.8.13\aspectjweaver-1.8.13.jar;C:\Users\Administrator\.m2\repository\org\hibernate\hibernate-core\5.2.17.Final\hibernate-core-5.2.17.Final.jar;C:\Users\Administrator\.m2\repository\org\hibernate\javax\persistence\hibernate-jpa-2.1-api\1.0.2.Final\hibernate-jpa-2.1-api-1.0.2.Final.jar;C:\Users\Administrator\.m2\repository\org\javassist\javassist\3.22.0-GA\javassist-3.22.0-GA.jar;C:\Users\Administrator\.m2\repository\antlr\antlr\2.7.7\antlr-2.7.7.jar;C:\Users\Administrator\.m2\repository\org\jboss\jandex\2.0.3.Final\jandex-2.0.3.Final.jar;C:\Users\Administrator\.m2\repository\dom4j\dom4j\1.6.1\dom4j-1.6.1.jar;C:\Users\Administrator\.m2\repository\org\hibernate\common\hibernate-commons-annotations\5.0.1.Final\hibernate-commons-annotations-5.0.1.Final.jar;C:\Users\Administrator\.m2\repository\javax\transaction\javax.transaction-api\1.2\javax.transaction-api-1.2.jar;C:\Users\Administrator\.m2\repository\org\springframework\data\spring-data-jpa\2.0.9.RELEASE\spring-data-jpa-2.0.9.RELEASE.jar;C:\Users\Administrator\.m2\repository\org\springframework\data\spring-data-commons\2.0.9.RELEASE\spring-data-commons-2.0.9.RELEASE.jar;C:\Users\Administrator\.m2\repository\org\springframework\spring-orm\5.0.8.RELEASE\spring-orm-5.0.8.RELEASE.jar;C:\Users\Administrator\.m2\repository\org\springframework\spring-aspects\5.0.8.RELEASE\spring-aspects-5.0.8.RELEASE.jar;C:\Users\Administrator\.m2\repository\org\springframework\boot\spring-boot-starter-data-redis\2.0.4.RELEASE\spring-boot-starter-data-redis-2.0.4.RELEASE.jar;C:\Users\Administrator\.m2\repository\org\springframework\data\spring-data-redis\2.0.9.RELEASE\spring-data-redis-2.0.9.RELEASE.jar;C:\Users\Administrator\.m2\repository\org\springframework\data\spring-data-keyvalue\2.0.9.RELEASE\spring-data-keyvalue-2.0.9.RELEASE.jar;C:\Users\Administrator\.m2\repository\org\springframework\spring-oxm\5.0.8.RELEASE\spring-oxm-5.0.8.RELEASE.jar;C:\Users\Administrator\.m2\repository\org\springframework\spring-context-support\5.0.8.RELEASE\spring-context-support-5.0.8.RELEASE.jar;C:\Users\Administrator\.m2\repository\io\lettuce\lettuce-core\5.0.4.RELEASE\lettuce-core-5.0.4.RELEASE.jar;C:\Users\Administrator\.m2\repository\io\projectreactor\reactor-core\3.1.8.RELEASE\reactor-core-3.1.8.RELEASE.jar;C:\Users\Administrator\.m2\repository\org\reactivestreams\reactive-streams\1.0.2\reactive-streams-1.0.2.jar;C:\Users\Administrator\.m2\repository\io\netty\netty-common\4.1.27.Final\netty-common-4.1.27.Final.jar;C:\Users\Administrator\.m2\repository\io\netty\netty-transport\4.1.27.Final\netty-transport-4.1.27.Final.jar;C:\Users\Administrator\.m2\repository\io\netty\netty-buffer\4.1.27.Final\netty-buffer-4.1.27.Final.jar;C:\Users\Administrator\.m2\repository\io\netty\netty-resolver\4.1.27.Final\netty-resolver-4.1.27.Final.jar;C:\Users\Administrator\.m2\repository\io\netty\netty-handler\4.1.27.Final\netty-handler-4.1.27.Final.jar;C:\Users\Administrator\.m2\repository\io\netty\netty-codec\4.1.27.Final\netty-codec-4.1.27.Final.jar;C:\Users\Administrator\.m2\repository\org\springframework\boot\spring-boot-starter-test\2.0.4.RELEASE\spring-boot-starter-test-2.0.4.RELEASE.jar;C:\Users\Administrator\.m2\repository\org\springframework\boot\spring-boot-test\2.0.4.RELEASE\spring-boot-test-2.0.4.RELEASE.jar;C:\Users\Administrator\.m2\repository\org\springframework\boot\spring-boot-test-autoconfigure\2.0.4.RELEASE\spring-boot-test-autoconfigure-2.0.4.RELEASE.jar;C:\Users\Administrator\.m2\repository\com\jayway\jsonpath\json-path\2.4.0\json-path-2.4.0.jar;C:\Users\Administrator\.m2\repository\net\minidev\json-smart\2.3\json-smart-2.3.jar;C:\Users\Administrator\.m2\repository\net\minidev\accessors-smart\1.2\accessors-smart-1.2.jar;C:\Users\Administrator\.m2\repository\org\ow2\asm\asm\5.0.4\asm-5.0.4.jar;C:\Users\Administrator\.m2\repository\junit\junit\4.12\junit-4.12.jar;C:\Users\Administrator\.m2\repository\org\assertj\assertj-core\3.9.1\assertj-core-3.9.1.jar;C:\Users\Administrator\.m2\repository\org\mockito\mockito-core\2.15.0\mockito-core-2.15.0.jar;C:\Users\Administrator\.m2\repository\net\bytebuddy\byte-buddy\1.7.11\byte-buddy-1.7.11.jar;C:\Users\Administrator\.m2\repository\net\bytebuddy\byte-buddy-agent\1.7.11\byte-buddy-agent-1.7.11.jar;C:\Users\Administrator\.m2\repository\org\objenesis\objenesis\2.6\objenesis-2.6.jar;C:\Users\Administrator\.m2\repository\org\hamcrest\hamcrest-core\1.3\hamcrest-core-1.3.jar;C:\Users\Administrator\.m2\repository\org\hamcrest\hamcrest-library\1.3\hamcrest-library-1.3.jar;C:\Users\Administrator\.m2\repository\org\skyscreamer\jsonassert\1.5.0\jsonassert-1.5.0.jar;C:\Users\Administrator\.m2\repository\com\vaadin\external\google\android-json\0.0.20131108.vaadin1\android-json-0.0.20131108.vaadin1.jar;C:\Users\Administrator\.m2\repository\org\springframework\spring-test\5.0.8.RELEASE\spring-test-5.0.8.RELEASE.jar;C:\Users\Administrator\.m2\repository\org\xmlunit\xmlunit-core\2.5.1\xmlunit-core-2.5.1.jar;C:\Users\Administrator\.m2\repository\org\mybatis\spring\boot\mybatis-spring-boot-starter\1.3.1\mybatis-spring-boot-starter-1.3.1.jar;C:\Users\Administrator\.m2\repository\org\mybatis\spring\boot\mybatis-spring-boot-autoconfigure\1.3.1\mybatis-spring-boot-autoconfigure-1.3.1.jar;C:\Users\Administrator\.m2\repository\org\mybatis\mybatis\3.4.5\mybatis-3.4.5.jar;C:\Users\Administrator\.m2\repository\org\mybatis\mybatis-spring\1.3.1\mybatis-spring-1.3.1.jar;C:\Users\Administrator\.m2\repository\tk\mybatis\mapper-spring-boot-starter\1.2.4\mapper-spring-boot-starter-1.2.4.jar;C:\Users\Administrator\.m2\repository\tk\mybatis\mapper-spring-boot-autoconfigure\1.2.4\mapper-spring-boot-autoconfigure-1.2.4.jar;C:\Users\Administrator\.m2\repository\tk\mybatis\mapper\3.5.3\mapper-3.5.3.jar;C:\Users\Administrator\.m2\repository\javax\persistence\persistence-api\1.0\persistence-api-1.0.jar;C:\Users\Administrator\.m2\repository\com\github\pagehelper\pagehelper-spring-boot-starter\1.2.3\pagehelper-spring-boot-starter-1.2.3.jar;C:\Users\Administrator\.m2\repository\com\github\pagehelper\pagehelper-spring-boot-autoconfigure\1.2.3\pagehelper-spring-boot-autoconfigure-1.2.3.jar;C:\Users\Administrator\.m2\repository\com\github\pagehelper\pagehelper\5.1.2\pagehelper-5.1.2.jar;C:\Users\Administrator\.m2\repository\com\github\jsqlparser\jsqlparser\1.0\jsqlparser-1.0.jar;C:\Users\Administrator\.m2\repository\com\alibaba\druid-spring-boot-starter\1.1.9\druid-spring-boot-starter-1.1.9.jar;C:\Users\Administrator\.m2\repository\com\alibaba\druid\1.1.9\druid-1.1.9.jar;C:\Users\Administrator\.m2\repository\org\mybatis\generator\mybatis-generator-core\1.3.2\mybatis-generator-core-1.3.2.jar;, java.specification.name=Java Platform API Specification, java.class.version=52.0, sun.management.compiler=HotSpot 64-Bit Tiered Compilers, os.version=6.3, user.home=C:\Users\Administrator, user.timezone=Asia/Shanghai, java.awt.printerjob=sun.awt.windows.WPrinterJob, file.encoding=GBK, java.specification.version=1.8, java.class.path=D:\StudySpace\SpringBoot\spring-boot-db\target\test-classes;D:\StudySpace\SpringBoot\spring-boot-db\target\classes;C:\Users\Administrator\.m2\repository\org\springframework\boot\spring-boot-starter\2.0.4.RELEASE\spring-boot-starter-2.0.4.RELEASE.jar;C:\Users\Administrator\.m2\repository\org\springframework\boot\spring-boot\2.0.4.RELEASE\spring-boot-2.0.4.RELEASE.jar;C:\Users\Administrator\.m2\repository\org\springframework\spring-context\5.0.8.RELEASE\spring-context-5.0.8.RELEASE.jar;C:\Users\Administrator\.m2\repository\org\springframework\boot\spring-boot-autoconfigure\2.0.4.RELEASE\spring-boot-autoconfigure-2.0.4.RELEASE.jar;C:\Users\Administrator\.m2\repository\org\springframework\boot\spring-boot-starter-logging\2.0.4.RELEASE\spring-boot-starter-logging-2.0.4.RELEASE.jar;C:\Users\Administrator\.m2\repository\ch\qos\logback\logback-classic\1.2.3\logback-classic-1.2.3.jar;C:\Users\Administrator\.m2\repository\ch\qos\logback\logback-core\1.2.3\logback-core-1.2.3.jar;C:\Users\Administrator\.m2\repository\org\apache\logging\log4j\log4j-to-slf4j\2.10.0\log4j-to-slf4j-2.10.0.jar;C:\Users\Administrator\.m2\repository\org\apache\logging\log4j\log4j-api\2.10.0\log4j-api-2.10.0.jar;C:\Users\Administrator\.m2\repository\org\slf4j\jul-to-slf4j\1.7.25\jul-to-slf4j-1.7.25.jar;C:\Users\Administrator\.m2\repository\javax\annotation\javax.annotation-api\1.3.2\javax.annotation-api-1.3.2.jar;C:\Users\Administrator\.m2\repository\org\springframework\spring-core\5.0.8.RELEASE\spring-core-5.0.8.RELEASE.jar;C:\Users\Administrator\.m2\repository\org\springframework\spring-jcl\5.0.8.RELEASE\spring-jcl-5.0.8.RELEASE.jar;C:\Users\Administrator\.m2\repository\org\yaml\snakeyaml\1.19\snakeyaml-1.19.jar;C:\Users\Administrator\.m2\repository\org\springframework\boot\spring-boot-starter-web\2.0.4.RELEASE\spring-boot-starter-web-2.0.4.RELEASE.jar;C:\Users\Administrator\.m2\repository\org\springframework\boot\spring-boot-starter-json\2.0.4.RELEASE\spring-boot-starter-json-2.0.4.RELEASE.jar;C:\Users\Administrator\.m2\repository\com\fasterxml\jackson\core\jackson-databind\2.9.6\jackson-databind-2.9.6.jar;C:\Users\Administrator\.m2\repository\com\fasterxml\jackson\core\jackson-annotations\2.9.0\jackson-annotations-2.9.0.jar;C:\Users\Administrator\.m2\repository\com\fasterxml\jackson\core\jackson-core\2.9.6\jackson-core-2.9.6.jar;C:\Users\Administrator\.m2\repository\com\fasterxml\jackson\datatype\jackson-datatype-jdk8\2.9.6\jackson-datatype-jdk8-2.9.6.jar;C:\Users\Administrator\.m2\repository\com\fasterxml\jackson\datatype\jackson-datatype-jsr310\2.9.6\jackson-datatype-jsr310-2.9.6.jar;C:\Users\Administrator\.m2\repository\com\fasterxml\jackson\module\jackson-module-parameter-names\2.9.6\jackson-module-parameter-names-2.9.6.jar;C:\Users\Administrator\.m2\repository\org\springframework\boot\spring-boot-starter-tomcat\2.0.4.RELEASE\spring-boot-starter-tomcat-2.0.4.RELEASE.jar;C:\Users\Administrator\.m2\repository\org\apache\tomcat\embed\tomcat-embed-core\8.5.32\tomcat-embed-core-8.5.32.jar;C:\Users\Administrator\.m2\repository\org\apache\tomcat\embed\tomcat-embed-el\8.5.32\tomcat-embed-el-8.5.32.jar;C:\Users\Administrator\.m2\repository\org\apache\tomcat\embed\tomcat-embed-websocket\8.5.32\tomcat-embed-websocket-8.5.32.jar;C:\Users\Administrator\.m2\repository\org\hibernate\validator\hibernate-validator\6.0.11.Final\hibernate-validator-6.0.11.Final.jar;C:\Users\Administrator\.m2\repository\javax\validation\validation-api\2.0.1.Final\validation-api-2.0.1.Final.jar;C:\Users\Administrator\.m2\repository\org\jboss\logging\jboss-logging\3.3.2.Final\jboss-logging-3.3.2.Final.jar;C:\Users\Administrator\.m2\repository\com\fasterxml\classmate\1.3.4\classmate-1.3.4.jar;C:\Users\Administrator\.m2\repository\org\springframework\spring-web\5.0.8.RELEASE\spring-web-5.0.8.RELEASE.jar;C:\Users\Administrator\.m2\repository\org\springframework\spring-beans\5.0.8.RELEASE\spring-beans-5.0.8.RELEASE.jar;C:\Users\Administrator\.m2\repository\org\springframework\spring-webmvc\5.0.8.RELEASE\spring-webmvc-5.0.8.RELEASE.jar;C:\Users\Administrator\.m2\repository\org\springframework\spring-aop\5.0.8.RELEASE\spring-aop-5.0.8.RELEASE.jar;C:\Users\Administrator\.m2\repository\org\springframework\spring-expression\5.0.8.RELEASE\spring-expression-5.0.8.RELEASE.jar;C:\Users\Administrator\.m2\repository\org\springframework\boot\spring-boot-devtools\2.0.4.RELEASE\spring-boot-devtools-2.0.4.RELEASE.jar;C:\Users\Administrator\.m2\repository\com\ibeetl\beetl-framework-starter\1.1.23.RELEASE\beetl-framework-starter-1.1.23.RELEASE.jar;C:\Users\Administrator\.m2\repository\com\ibeetl\beetlsql\2.9.15\beetlsql-2.9.15.jar;C:\Users\Administrator\.m2\repository\com\ibeetl\beetl\2.7.24\beetl-2.7.24.jar;C:\Users\Administrator\.m2\repository\org\antlr\antlr4-runtime\4.2\antlr4-runtime-4.2.jar;C:\Users\Administrator\.m2\repository\org\abego\treelayout\org.abego.treelayout.core\1.0.1\org.abego.treelayout.core-1.0.1.jar;C:\Users\Administrator\.m2\repository\org\antlr\antlr4-annotations\4.2\antlr4-annotations-4.2.jar;C:\Users\Administrator\.m2\repository\org\springframework\boot\spring-boot-starter-jdbc\2.0.4.RELEASE\spring-boot-starter-jdbc-2.0.4.RELEASE.jar;C:\Users\Administrator\.m2\repository\org\springframework\spring-jdbc\5.0.8.RELEASE\spring-jdbc-5.0.8.RELEASE.jar;C:\Users\Administrator\.m2\repository\org\springframework\spring-tx\5.0.8.RELEASE\spring-tx-5.0.8.RELEASE.jar;C:\Users\Administrator\.m2\repository\com\zaxxer\HikariCP\2.7.9\HikariCP-2.7.9.jar;C:\Users\Administrator\.m2\repository\org\slf4j\slf4j-api\1.7.25\slf4j-api-1.7.25.jar;C:\Users\Administrator\.m2\repository\mysql\mysql-connector-java\5.1.46\mysql-connector-java-5.1.46.jar;C:\Users\Administrator\.m2\repository\org\springframework\boot\spring-boot-starter-data-jpa\2.0.4.RELEASE\spring-boot-starter-data-jpa-2.0.4.RELEASE.jar;C:\Users\Administrator\.m2\repository\org\springframework\boot\spring-boot-starter-aop\2.0.4.RELEASE\spring-boot-starter-aop-2.0.4.RELEASE.jar;C:\Users\Administrator\.m2\repository\org\aspectj\aspectjweaver\1.8.13\aspectjweaver-1.8.13.jar;C:\Users\Administrator\.m2\repository\org\hibernate\hibernate-core\5.2.17.Final\hibernate-core-5.2.17.Final.jar;C:\Users\Administrator\.m2\repository\org\hibernate\javax\persistence\hibernate-jpa-2.1-api\1.0.2.Final\hibernate-jpa-2.1-api-1.0.2.Final.jar;C:\Users\Administrator\.m2\repository\org\javassist\javassist\3.22.0-GA\javassist-3.22.0-GA.jar;C:\Users\Administrator\.m2\repository\antlr\antlr\2.7.7\antlr-2.7.7.jar;C:\Users\Administrator\.m2\repository\org\jboss\jandex\2.0.3.Final\jandex-2.0.3.Final.jar;C:\Users\Administrator\.m2\repository\dom4j\dom4j\1.6.1\dom4j-1.6.1.jar;C:\Users\Administrator\.m2\repository\org\hibernate\common\hibernate-commons-annotations\5.0.1.Final\hibernate-commons-annotations-5.0.1.Final.jar;C:\Users\Administrator\.m2\repository\javax\transaction\javax.transaction-api\1.2\javax.transaction-api-1.2.jar;C:\Users\Administrator\.m2\repository\org\springframework\data\spring-data-jpa\2.0.9.RELEASE\spring-data-jpa-2.0.9.RELEASE.jar;C:\Users\Administrator\.m2\repository\org\springframework\data\spring-data-commons\2.0.9.RELEASE\spring-data-commons-2.0.9.RELEASE.jar;C:\Users\Administrator\.m2\repository\org\springframework\spring-orm\5.0.8.RELEASE\spring-orm-5.0.8.RELEASE.jar;C:\Users\Administrator\.m2\repository\org\springframework\spring-aspects\5.0.8.RELEASE\spring-aspects-5.0.8.RELEASE.jar;C:\Users\Administrator\.m2\repository\org\springframework\boot\spring-boot-starter-data-redis\2.0.4.RELEASE\spring-boot-starter-data-redis-2.0.4.RELEASE.jar;C:\Users\Administrator\.m2\repository\org\springframework\data\spring-data-redis\2.0.9.RELEASE\spring-data-redis-2.0.9.RELEASE.jar;C:\Users\Administrator\.m2\repository\org\springframework\data\spring-data-keyvalue\2.0.9.RELEASE\spring-data-keyvalue-2.0.9.RELEASE.jar;C:\Users\Administrator\.m2\repository\org\springframework\spring-oxm\5.0.8.RELEASE\spring-oxm-5.0.8.RELEASE.jar;C:\Users\Administrator\.m2\repository\org\springframework\spring-context-support\5.0.8.RELEASE\spring-context-support-5.0.8.RELEASE.jar;C:\Users\Administrator\.m2\repository\io\lettuce\lettuce-core\5.0.4.RELEASE\lettuce-core-5.0.4.RELEASE.jar;C:\Users\Administrator\.m2\repository\io\projectreactor\reactor-core\3.1.8.RELEASE\reactor-core-3.1.8.RELEASE.jar;C:\Users\Administrator\.m2\repository\org\reactivestreams\reactive-streams\1.0.2\reactive-streams-1.0.2.jar;C:\Users\Administrator\.m2\repository\io\netty\netty-common\4.1.27.Final\netty-common-4.1.27.Final.jar;C:\Users\Administrator\.m2\repository\io\netty\netty-transport\4.1.27.Final\netty-transport-4.1.27.Final.jar;C:\Users\Administrator\.m2\repository\io\netty\netty-buffer\4.1.27.Final\netty-buffer-4.1.27.Final.jar;C:\Users\Administrator\.m2\repository\io\netty\netty-resolver\4.1.27.Final\netty-resolver-4.1.27.Final.jar;C:\Users\Administrator\.m2\repository\io\netty\netty-handler\4.1.27.Final\netty-handler-4.1.27.Final.jar;C:\Users\Administrator\.m2\repository\io\netty\netty-codec\4.1.27.Final\netty-codec-4.1.27.Final.jar;C:\Users\Administrator\.m2\repository\org\springframework\boot\spring-boot-starter-test\2.0.4.RELEASE\spring-boot-starter-test-2.0.4.RELEASE.jar;C:\Users\Administrator\.m2\repository\org\springframework\boot\spring-boot-test\2.0.4.RELEASE\spring-boot-test-2.0.4.RELEASE.jar;C:\Users\Administrator\.m2\repository\org\springframework\boot\spring-boot-test-autoconfigure\2.0.4.RELEASE\spring-boot-test-autoconfigure-2.0.4.RELEASE.jar;C:\Users\Administrator\.m2\repository\com\jayway\jsonpath\json-path\2.4.0\json-path-2.4.0.jar;C:\Users\Administrator\.m2\repository\net\minidev\json-smart\2.3\json-smart-2.3.jar;C:\Users\Administrator\.m2\repository\net\minidev\accessors-smart\1.2\accessors-smart-1.2.jar;C:\Users\Administrator\.m2\repository\org\ow2\asm\asm\5.0.4\asm-5.0.4.jar;C:\Users\Administrator\.m2\repository\junit\junit\4.12\junit-4.12.jar;C:\Users\Administrator\.m2\repository\org\assertj\assertj-core\3.9.1\assertj-core-3.9.1.jar;C:\Users\Administrator\.m2\repository\org\mockito\mockito-core\2.15.0\mockito-core-2.15.0.jar;C:\Users\Administrator\.m2\repository\net\bytebuddy\byte-buddy\1.7.11\byte-buddy-1.7.11.jar;C:\Users\Administrator\.m2\repository\net\bytebuddy\byte-buddy-agent\1.7.11\byte-buddy-agent-1.7.11.jar;C:\Users\Administrator\.m2\repository\org\objenesis\objenesis\2.6\objenesis-2.6.jar;C:\Users\Administrator\.m2\repository\org\hamcrest\hamcrest-core\1.3\hamcrest-core-1.3.jar;C:\Users\Administrator\.m2\repository\org\hamcrest\hamcrest-library\1.3\hamcrest-library-1.3.jar;C:\Users\Administrator\.m2\repository\org\skyscreamer\jsonassert\1.5.0\jsonassert-1.5.0.jar;C:\Users\Administrator\.m2\repository\com\vaadin\external\google\android-json\0.0.20131108.vaadin1\android-json-0.0.20131108.vaadin1.jar;C:\Users\Administrator\.m2\repository\org\springframework\spring-test\5.0.8.RELEASE\spring-test-5.0.8.RELEASE.jar;C:\Users\Administrator\.m2\repository\org\xmlunit\xmlunit-core\2.5.1\xmlunit-core-2.5.1.jar;C:\Users\Administrator\.m2\repository\org\mybatis\spring\boot\mybatis-spring-boot-starter\1.3.1\mybatis-spring-boot-starter-1.3.1.jar;C:\Users\Administrator\.m2\repository\org\mybatis\spring\boot\mybatis-spring-boot-autoconfigure\1.3.1\mybatis-spring-boot-autoconfigure-1.3.1.jar;C:\Users\Administrator\.m2\repository\org\mybatis\mybatis\3.4.5\mybatis-3.4.5.jar;C:\Users\Administrator\.m2\repository\org\mybatis\mybatis-spring\1.3.1\mybatis-spring-1.3.1.jar;C:\Users\Administrator\.m2\repository\tk\mybatis\mapper-spring-boot-starter\1.2.4\mapper-spring-boot-starter-1.2.4.jar;C:\Users\Administrator\.m2\repository\tk\mybatis\mapper-spring-boot-autoconfigure\1.2.4\mapper-spring-boot-autoconfigure-1.2.4.jar;C:\Users\Administrator\.m2\repository\tk\mybatis\mapper\3.5.3\mapper-3.5.3.jar;C:\Users\Administrator\.m2\repository\javax\persistence\persistence-api\1.0\persistence-api-1.0.jar;C:\Users\Administrator\.m2\repository\com\github\pagehelper\pagehelper-spring-boot-starter\1.2.3\pagehelper-spring-boot-starter-1.2.3.jar;C:\Users\Administrator\.m2\repository\com\github\pagehelper\pagehelper-spring-boot-autoconfigure\1.2.3\pagehelper-spring-boot-autoconfigure-1.2.3.jar;C:\Users\Administrator\.m2\repository\com\github\pagehelper\pagehelper\5.1.2\pagehelper-5.1.2.jar;C:\Users\Administrator\.m2\repository\com\github\jsqlparser\jsqlparser\1.0\jsqlparser-1.0.jar;C:\Users\Administrator\.m2\repository\com\alibaba\druid-spring-boot-starter\1.1.9\druid-spring-boot-starter-1.1.9.jar;C:\Users\Administrator\.m2\repository\com\alibaba\druid\1.1.9\druid-1.1.9.jar;C:\Users\Administrator\.m2\repository\org\mybatis\generator\mybatis-generator-core\1.3.2\mybatis-generator-core-1.3.2.jar;, user.name=wxp, java.vm.specification.version=1.8, sun.java.command=C:\Users\ADMINI~1\AppData\Local\Temp\surefire4767403070480715283\surefirebooter1722287248415114656.jar C:\Users\Administrator\AppData\Local\Temp\surefire4767403070480715283 2018-08-12T09-18-54_258-jvmRun1 surefire7657042898109388360tmp surefire_07582697614925569913tmp, java.home=C:\InstallWork\jdk1.8, sun.arch.data.model=64, user.language=zh, java.specification.vendor=Oracle Corporation, awt.toolkit=sun.awt.windows.WToolkit, java.vm.info=mixed mode, java.version=1.8.0_31, java.ext.dirs=C:\InstallWork\jdk1.8\lib\ext;C:\WINDOWS\Sun\Java\lib\ext, sun.boot.class.path=C:\InstallWork\jdk1.8\lib\resources.jar;C:\InstallWork\jdk1.8\lib\rt.jar;C:\InstallWork\jdk1.8\lib\sunrsasign.jar;C:\InstallWork\jdk1.8\lib\jsse.jar;C:\InstallWork\jdk1.8\lib\jce.jar;C:\InstallWork\jdk1.8\lib\charsets.jar;C:\InstallWork\jdk1.8\lib\jfr.jar;C:\InstallWork\jdk1.8\classes, java.vendor=Oracle Corporation, localRepository=C:\Users\Administrator\.m2\repository, file.separator=\, java.vendor.url.bug=http://bugreport.sun.com/bugreport/, sun.io.unicode.encoding=UnicodeLittle, sun.cpu.endian=little, sun.desktop=windows, sun.cpu.isalist=amd64}}, SystemEnvironmentPropertySource@2110756088 {name='systemEnvironment', properties={PATH=C:\ProgramData\Oracle\Java\javapath;C:\WINDOWS\system32;C:\WINDOWS;C:\WINDOWS\System32\Wbem;C:\WINDOWS\System32\WindowsPowerShell\v1.0\;"C:\InstallWork\jdk1.8\bin;C:\InstallWork\jdk1.8\jre\bin;";E:\Linux工具\Linux程序开发软件\hadoop-2.6.5\bin;D:\InstallTool\Git\cmd;"D:\InstallSoft\apache-maven-3.5.3\bin;";C:\Users\Administrator\AppData\Local\Microsoft\WindowsApps;, USERDOMAIN_ROAMINGPROFILE=AGOC3-711242104, LOCALAPPDATA=C:\Users\Administrator\AppData\Local, PROCESSOR_LEVEL=6, SYSTEMDRIVE=C:, COMMONPROGRAMFILES(X86)=C:\Program Files (x86)\Common Files, USERDOMAIN=AGOC3-711242104, FPS_BROWSER_APP_PROFILE_STRING=Internet Explorer, LOGONSERVER=\\AGOC3-711242104, JAVA_HOME=C:\InstallWork\jdk1.8, PROMPT=$P$G, SESSIONNAME=Console, ALLUSERSPROFILE=C:\ProgramData, LNKEVN=C:\Program Files (x86)\Internet Explorer\iexplore.exe, PROGRAMFILES(X86)=C:\Program Files (x86), PROCESSOR_ARCHITECTURE=AMD64, MAVEN_HOME=D:\InstallSoft\apache-maven-3.5.3, PROGRAMFILES=C:\Program Files, APPDATA=C:\Users\Administrator\AppData\Roaming, MOZ_PLUGIN_PATH=D:\InstallTool\FoxitReader\Foxit Reader\plugins\, PSMODULEPATH=C:\Program Files\WindowsPowerShell\Modules;C:\WINDOWS\system32\WindowsPowerShell\v1.0\Modules, PROGRAMW6432=C:\Program Files, PROGRAMDATA=C:\ProgramData, SYSTEMROOT=C:\WINDOWS, USERNAME=wxp, FPS_BROWSER_USER_PROFILE_STRING=Default, PATHEXT=.COM;.EXE;.BAT;.CMD;.VBS;.VBE;.JS;.JSE;.WSF;.WSH;.MSC, OS=Windows_NT, COMMONPROGRAMW6432=C:\Program Files\Common Files, COMPUTERNAME=AGOC3-711242104, COMMONPROGRAMFILES=C:\Program Files\Common Files, COMSPEC=C:\WINDOWS\system32\cmd.exe, PROCESSOR_REVISION=3a09, CLASSPATH=.;C:\InstallWork\jdk1.8\lib\dt.jar;C:\InstallWork\jdk1.8\lib\tools.jar;E:\Linux工具\Linux程序开发软件\hadoop-2.6.5\bin\winutils.exe;, WINDIR=C:\WINDOWS, =D:=D:\StudySpace\SpringBoot\spring-boot-db, HOMEPATH=\Users\Administrator, TEMP=C:\Users\ADMINI~1\AppData\Local\Temp, HOMEDRIVE=C:, PROCESSOR_IDENTIFIER=Intel64 Family 6 Model 58 Stepping 9, GenuineIntel, USERPROFILE=C:\Users\Administrator, TMP=C:\Users\ADMINI~1\AppData\Local\Temp, HADOOP_HOME=E:\Linux工具\Linux程序开发软件\hadoop-2.6.5, PUBLIC=C:\Users\Public, NUMBER_OF_PROCESSORS=4, =::=::\}}]
09:18:57.140 [main] DEBUG org.springframework.test.context.support.TestPropertySourceUtils - Adding inlined properties to environment: {spring.jmx.enabled=false, org.springframework.boot.test.autoconfigure.web.servlet.WebMvcTestContextBootstrapper=true, server.port=-1}
09:18:57.140 [main] DEBUG org.springframework.core.env.StandardEnvironment - Adding PropertySource 'Inlined Test Properties' with highest search precedence
////////////////////////////////////////////////////////////////////
//                          _ooOoo_                               //
//                         o8888888o                              //
//                         88" . "88                              //
//                         (| ^_^ |)                              //
//                         O\  =  /O                              //
////////////////////////////////////////////////////////////////////
INFO 09:18:57 main - c.e.s.c.UserControllerTest.logStarting - 50 : Starting UserControllerTest on AGOC3-711242104 with PID 9604 (started by wxp in D:\StudySpace\SpringBoot\spring-boot-db)
INFO 09:18:57 main - c.e.s.c.UserControllerTest.logStartupProfileInfo - 662 : No active profile set, falling back to default profiles: default
INFO 09:18:57 main - o.s.w.c.s.GenericWebApplicationContext.prepareRefresh - 590 : Refreshing org.springframework.web.context.support.GenericWebApplicationContext@7bf3a5d8: startup date [Sun Aug 12 09:18:57 CST 2018]; root of context hierarchy
INFO 09:19:00 main - o.s.w.s.h.SimpleUrlHandlerMapping.registerHandler - 373 : Mapped URL path [/**/favicon.ico] onto handler of type [class org.springframework.web.servlet.resource.ResourceHttpRequestHandler]
INFO 09:19:00 main - o.s.w.s.m.m.a.RequestMappingHandlerAdapter.initControllerAdviceCache - 574 : Looking for @ControllerAdvice: org.springframework.web.context.support.GenericWebApplicationContext@7bf3a5d8: startup date [Sun Aug 12 09:18:57 CST 2018]; root of context hierarchy
INFO 09:19:00 main - o.s.w.s.m.m.a.RequestMappingHandlerMapping.register - 547 : Mapped "{[/user/user/{id}/{name}]}" onto public java.lang.String com.example.springbootmvc.controller.UserController.updateUser(java.lang.Integer,java.lang.String)
INFO 09:19:00 main - o.s.w.s.m.m.a.RequestMappingHandlerMapping.register - 547 : Mapped "{[/user/user/{id}]}" onto public java.lang.String com.example.springbootmvc.controller.UserController.getUser(java.lang.Integer)
INFO 09:19:00 main - o.s.w.s.m.m.a.RequestMappingHandlerMapping.register - 547 : Mapped "{[/user/findTest.html]}" onto public int com.example.springbootmvc.controller.UserController.getUser(int)
INFO 09:19:00 main - o.s.w.s.m.m.a.RequestMappingHandlerMapping.register - 547 : Mapped "{[/user/getuser.html]}" onto public java.lang.String com.example.springbootmvc.controller.UserController.getUser(java.lang.String)
INFO 09:19:00 main - o.s.w.s.m.m.a.RequestMappingHandlerMapping.register - 547 : Mapped "{[/user/alluser.html]}" onto public java.lang.String com.example.springbootmvc.controller.UserController.alluser(int,int)
INFO 09:19:00 main - o.s.w.s.m.m.a.RequestMappingHandlerMapping.register - 547 : Mapped "{[/user/example.html]}" onto public java.lang.String com.example.springbootmvc.controller.UserController.example(java.lang.String)
INFO 09:19:00 main - o.s.w.s.m.m.a.RequestMappingHandlerMapping.register - 547 : Mapped "{[/user/adduser.html]}" onto public java.lang.String com.example.springbootmvc.controller.UserController.addUser(com.example.springbootmvc.entity.User)
INFO 09:19:00 main - o.s.w.s.m.m.a.RequestMappingHandlerMapping.register - 547 : Mapped "{[/user/pagequery.html]}" onto public java.lang.String com.example.springbootmvc.controller.UserController.pageQuery(java.lang.Integer,int,int)
INFO 09:19:00 main - o.s.w.s.m.m.a.RequestMappingHandlerMapping.register - 547 : Mapped "{[/user/finduser.html]}" onto public java.lang.String com.example.springbootmvc.controller.UserController.findUser(int)
INFO 09:19:00 main - o.s.w.s.m.m.a.RequestMappingHandlerMapping.register - 547 : Mapped "{[/user/getdepartuser.html]}" onto public java.lang.String com.example.springbootmvc.controller.UserController.getDepartmentUser(java.lang.String,java.lang.Integer)
INFO 09:19:00 main - o.s.w.s.m.m.a.RequestMappingHandlerMapping.register - 547 : Mapped "{[/error]}" onto public org.springframework.http.ResponseEntity<java.util.Map<java.lang.String, java.lang.Object>> org.springframework.boot.autoconfigure.web.servlet.error.BasicErrorController.error(javax.servlet.http.HttpServletRequest)
INFO 09:19:00 main - o.s.w.s.m.m.a.RequestMappingHandlerMapping.register - 547 : Mapped "{[/error],produces=[text/html]}" onto public org.springframework.web.servlet.ModelAndView org.springframework.boot.autoconfigure.web.servlet.error.BasicErrorController.errorHtml(javax.servlet.http.HttpServletRequest,javax.servlet.http.HttpServletResponse)
INFO 09:19:00 main - o.s.w.s.h.SimpleUrlHandlerMapping.registerHandler - 373 : Mapped URL path [/webjars/**] onto handler of type [class org.springframework.web.servlet.resource.ResourceHttpRequestHandler]
INFO 09:19:00 main - o.s.w.s.h.SimpleUrlHandlerMapping.registerHandler - 373 : Mapped URL path [/**] onto handler of type [class org.springframework.web.servlet.resource.ResourceHttpRequestHandler]
INFO 09:19:01 main - o.s.b.t.m.w.SpringBootMockServletContext.log - 438 : Initializing Spring FrameworkServlet ''
INFO 09:19:01 main - o.s.t.w.s.TestDispatcherServlet.initServletBean - 494 : FrameworkServlet '': initialization started
INFO 09:19:01 main - o.s.t.w.s.TestDispatcherServlet.initServletBean - 509 : FrameworkServlet '': initialization completed in 31 ms
INFO 09:19:01 main - c.e.s.c.UserControllerTest.logStarted - 59 : Started UserControllerTest in 4.369 seconds (JVM running for 5.999)

MockHttpServletRequest:
      HTTP Method = GET
      Request URI = /user/10
       Parameters = {}
          Headers = {}
             Body = <no character encoding set>
    Session Attrs = {}

Handler:
             Type = org.springframework.web.servlet.resource.ResourceHttpRequestHandler

Async:
    Async started = false
     Async result = null

Resolved Exception:
             Type = null

ModelAndView:
        View name = null
             View = null
            Model = null

FlashMap:
       Attributes = null

MockHttpServletResponse:
           Status = 404
    Error message = null
          Headers = {}
     Content type = null
             Body = 
    Forwarded URL = null
   Redirected URL = null
          Cookies = []
]]></system-out>
  </testcase>
  <testcase name="updateUser" classname="com.example.springbootmvc.controller.UserControllerTest" time="0.092">
    <failure message="No value at JSON path &quot;$.success&quot;" type="java.lang.AssertionError">java.lang.AssertionError: No value at JSON path "$.success"
	at com.example.springbootmvc.controller.UserControllerTest.updateUser(UserControllerTest.java:47)
Caused by: java.lang.IllegalArgumentException: json can not be null or empty
	at com.example.springbootmvc.controller.UserControllerTest.updateUser(UserControllerTest.java:47)
</failure>
    <system-out><![CDATA[
MockHttpServletRequest:
      HTTP Method = GET
      Request URI = /user/10
       Parameters = {}
          Headers = {}
             Body = <no character encoding set>
    Session Attrs = {}

Handler:
             Type = org.springframework.web.servlet.resource.ResourceHttpRequestHandler

Async:
    Async started = false
     Async result = null

Resolved Exception:
             Type = null

ModelAndView:
        View name = null
             View = null
            Model = null

FlashMap:
       Attributes = null

MockHttpServletResponse:
           Status = 404
    Error message = null
          Headers = {}
     Content type = null
             Body = 
    Forwarded URL = null
   Redirected URL = null
          Cookies = []

MockHttpServletRequest:
      HTTP Method = GET
      Request URI = /user/1/hilijz
       Parameters = {}
          Headers = {}
             Body = <no character encoding set>
    Session Attrs = {}

Handler:
             Type = org.springframework.web.servlet.resource.ResourceHttpRequestHandler

Async:
    Async started = false
     Async result = null

Resolved Exception:
             Type = null

ModelAndView:
        View name = null
             View = null
            Model = null

FlashMap:
       Attributes = null

MockHttpServletResponse:
           Status = 404
    Error message = null
          Headers = {}
     Content type = null
             Body = 
    Forwarded URL = null
   Redirected URL = null
          Cookies = []
]]></system-out>
  </testcase>
</testsuite>