<?xml version="1.0" encoding="UTF-8"?>
<testsuite xmlns:xsi="http://www.w3.org/2001/XMLSchema-instance" xsi:noNamespaceSchemaLocation="https://maven.apache.org/surefire/maven-surefire-plugin/xsd/surefire-test-report.xsd" name="com.example.springbootmvc.db.UserDbTest" time="11.471" tests="1" errors="1" skipped="0" failures="0">
  <properties>
[...]
</properties>
  <testcase name="upateNameTest" classname="com.example.springbootmvc.db.UserDbTest" time="0.364">
    <error message="unique查询user,但数据库未找到结果集:主键是4" type="org.beetl.sql.core.BeetlSQLException">org.beetl.sql.core.BeetlSQLException: unique查询user,但数据库未找到结果集:主键是4
	at com.example.springbootmvc.db.UserDbTest.upateNameTest(UserDbTest.java:36)
</error>
    <system-out><![CDATA[INFO 09:19:01 main - o.s.b.t.c.SpringBootTestContextBootstrapper.buildDefaultMergedContextConfiguration - 308 : Neither @ContextConfiguration nor @ContextHierarchy found for test class [com.example.springbootmvc.db.UserDbTest], using SpringBootContextLoader
INFO 09:19:01 main - o.s.t.c.s.AbstractContextLoader.generateDefaultLocations - 264 : Could not detect default resource locations for test class [com.example.springbootmvc.db.UserDbTest]: no resource found for suffixes {-context.xml, Context.groovy}.
INFO 09:19:01 main - o.s.t.c.s.AnnotationConfigContextLoaderUtils.detectDefaultConfigurationClasses - 83 : Could not detect default configuration classes for test class [com.example.springbootmvc.db.UserDbTest]: UserDbTest does not declare any static, non-private, non-final, nested classes annotated with @Configuration.
INFO 09:19:02 main - o.s.b.t.c.SpringBootTestContextBootstrapper.getOrFindConfigurationClasses - 247 : Found @SpringBootConfiguration com.example.springbootmvc.SpringBootMvcApplication for test class com.example.springbootmvc.db.UserDbTest
INFO 09:19:02 main - o.s.b.t.c.SpringBootTestContextBootstrapper.getDefaultTestExecutionListenerClassNames - 248 : Loaded default TestExecutionListener class names from location [META-INF/spring.factories]: [org.springframework.boot.test.mock.mockito.MockitoTestExecutionListener, org.springframework.boot.test.mock.mockito.ResetMocksTestExecutionListener, org.springframework.boot.test.autoconfigure.restdocs.RestDocsTestExecutionListener, org.springframework.boot.test.autoconfigure.web.client.MockRestServiceServerResetTestExecutionListener, org.springframework.boot.test.autoconfigure.web.servlet.MockMvcPrintOnlyOnFailureTestExecutionListener, org.springframework.boot.test.autoconfigure.web.servlet.WebDriverTestExecutionListener, org.springframework.test.context.web.ServletTestExecutionListener, org.springframework.test.context.support.DirtiesContextBeforeModesTestExecutionListener, org.springframework.test.context.support.DependencyInjectionTestExecutionListener, org.springframework.test.context.support.DirtiesContextTestExecutionListener, org.springframework.test.context.transaction.TransactionalTestExecutionListener, org.springframework.test.context.jdbc.SqlScriptsTestExecutionListener]
INFO 09:19:02 main - o.s.b.t.c.SpringBootTestContextBootstrapper.getTestExecutionListeners - 177 : Using TestExecutionListeners: [org.springframework.test.context.web.ServletTestExecutionListener@1e7ab390, org.springframework.test.context.support.DirtiesContextBeforeModesTestExecutionListener@625d9132, org.springframework.boot.test.mock.mockito.MockitoTestExecutionListener@77774571, org.springframework.boot.test.autoconfigure.SpringBootDependencyInjectionTestExecutionListener@277b8fa4, org.springframework.test.context.support.DirtiesContextTestExecutionListener@6cd64ee8, org.springframework.test.context.transaction.TransactionalTestExecutionListener@620c8641, org.springframework.test.context.jdbc.SqlScriptsTestExecutionListener@2f1d0bbc, org.springframework.boot.test.mock.mockito.ResetMocksTestExecutionListener@5460b754, org.springframework.boot.test.autoconfigure.restdocs.RestDocsTestExecutionListener@a9f023e, org.springframework.boot.test.autoconfigure.web.client.MockRestServiceServerResetTestExecutionListener@c27a3a2, org.springframework.boot.test.autoconfigure.web.servlet.MockMvcPrintOnlyOnFailureTestExecutionListener@4b200971, org.springframework.boot.test.autoconfigure.web.servlet.WebDriverTestExecutionListener@1a2bcd56]
////////////////////////////////////////////////////////////////////
//                          _ooOoo_                               //
//                         o8888888o                              //
//                         88" . "88                              //
//                         (| ^_^ |)                              //
//                         O\  =  /O                              //
////////////////////////////////////////////////////////////////////
INFO 09:19:02 main - c.e.s.db.UserDbTest.logStarting - 50 : Starting UserDbTest on AGOC3-711242104 with PID 9604 (started by wxp in D:\StudySpace\SpringBoot\spring-boot-db)
INFO 09:19:02 main - c.e.s.db.UserDbTest.logStartupProfileInfo - 666 : The following profiles are active: test
INFO 09:19:02 main - o.s.w.c.s.GenericWebApplicationContext.prepareRefresh - 590 : Refreshing org.springframework.web.context.support.GenericWebApplicationContext@7fe82967: startup date [Sun Aug 12 09:19:02 CST 2018]; root of context hierarchy
WARN 09:19:03 main - t.m.s.m.ClassPathMapperScanner.doScan - 166 : No MyBatis mapper was found in '[com.example.springbootmvc]' package. Please check your configuration.
WARN 09:19:03 main - o.m.s.m.ClassPathMapperScanner.doScan - 166 : No MyBatis mapper was found in '[com.example.springbootmvc]' package. Please check your configuration.
INFO 09:19:03 main - o.s.d.r.c.RepositoryConfigurationDelegate.multipleStoresDetected - 163 : Multiple Spring Data modules found, entering strict repository configuration mode!
INFO 09:19:03 main - o.s.d.r.c.RepositoryConfigurationDelegate.multipleStoresDetected - 163 : Multiple Spring Data modules found, entering strict repository configuration mode!
INFO 09:19:03 main - o.s.d.r.c.RepositoryConfigurationExtensionSupport.isStrictRepositoryCandidate - 297 : Spring Data Redis - Could not safely identify store assignment for repository candidate interface com.example.springbootmvc.dao.UserRepository.
INFO 09:19:03 main - o.s.c.s.PostProcessorRegistrationDelegate$BeanPostProcessorChecker.postProcessAfterInitialization - 326 : Bean 'org.springframework.transaction.annotation.ProxyTransactionManagementConfiguration' of type [org.springframework.transaction.annotation.ProxyTransactionManagementConfiguration$$EnhancerBySpringCGLIB$$2994bde2] is not eligible for getting processed by all BeanPostProcessors (for example: not eligible for auto-proxying)
INFO 09:19:04 main - c.z.h.HikariDataSource.getConnection - 110 : HikariPool-1 - Starting...
INFO 09:19:05 main - c.z.h.HikariDataSource.getConnection - 123 : HikariPool-1 - Start completed.
INFO 09:19:05 main - o.s.o.j.LocalContainerEntityManagerFactoryBean.createNativeEntityManagerFactory - 361 : Building JPA container EntityManagerFactory for persistence unit 'default'
INFO 09:19:05 main - o.h.j.i.u.LogHelper.logPersistenceUnitInformation - 31 : HHH000204: Processing PersistenceUnitInfo [
	name: default
	...]
INFO 09:19:05 main - o.hibernate.Version.logVersion - 45 : HHH000412: Hibernate Core {5.2.17.Final}
INFO 09:19:05 main - o.h.cfg.Environment.<clinit> - 213 : HHH000206: hibernate.properties not found
INFO 09:19:05 main - o.h.a.common.Version.<clinit> - 66 : HCANN000001: Hibernate Commons Annotations {5.0.1.Final}
INFO 09:19:05 main - o.h.dialect.Dialect.<init> - 157 : HHH000400: Using dialect: org.hibernate.dialect.MySQL5Dialect
INFO 09:19:07 main - o.s.o.j.LocalContainerEntityManagerFactoryBean.buildNativeEntityManagerFactory - 415 : Initialized JPA EntityManagerFactory for persistence unit 'default'
INFO 09:19:09 main - o.h.h.i.QueryTranslatorFactoryInitiator.initiateService - 47 : HHH000397: Using ASTQueryTranslatorFactory
INFO 09:19:09 main - o.s.w.s.h.SimpleUrlHandlerMapping.registerHandler - 373 : Mapped URL path [/**/favicon.ico] onto handler of type [class org.springframework.web.servlet.resource.ResourceHttpRequestHandler]
INFO 09:19:10 main - o.s.w.s.m.m.a.RequestMappingHandlerAdapter.initControllerAdviceCache - 574 : Looking for @ControllerAdvice: org.springframework.web.context.support.GenericWebApplicationContext@7fe82967: startup date [Sun Aug 12 09:19:02 CST 2018]; root of context hierarchy
WARN 09:19:10 main - o.s.b.a.o.j.JpaBaseConfiguration$JpaWebConfiguration$JpaWebMvcConfiguration.openEntityManagerInViewInterceptor - 235 : spring.jpa.open-in-view is enabled by default. Therefore, database queries may be performed during view rendering. Explicitly configure spring.jpa.open-in-view to disable this warning
INFO 09:19:10 main - o.s.w.s.m.m.a.RequestMappingHandlerMapping.register - 547 : Mapped "{[/showvalue.html]}" onto public java.lang.String com.example.springbootmvc.controller.PropertyController.value(int)
INFO 09:19:10 main - o.s.w.s.m.m.a.RequestMappingHandlerMapping.register - 547 : Mapped "{[/showserver.html]}" onto public java.lang.String com.example.springbootmvc.controller.PropertyController.value()
INFO 09:19:10 main - o.s.w.s.m.m.a.RequestMappingHandlerMapping.register - 547 : Mapped "{[/showenv.html]}" onto public java.lang.String com.example.springbootmvc.controller.PropertyController.env()
INFO 09:19:10 main - o.s.w.s.m.m.a.RequestMappingHandlerMapping.register - 547 : Mapped "{[/sayhello.html]}" onto public java.lang.String com.example.springbootmvc.controller.PropertyController.say()
INFO 09:19:10 main - o.s.w.s.m.m.a.RequestMappingHandlerMapping.register - 547 : Mapped "{[/redis/simpleset.html]}" onto public java.lang.String com.example.springbootmvc.controller.redis.RedisTemplateCrontroller.simpleSet()
INFO 09:19:10 main - o.s.w.s.m.m.a.RequestMappingHandlerMapping.register - 547 : Mapped "{[/redis/simpleget.html]}" onto public java.lang.String com.example.springbootmvc.controller.redis.RedisTemplateCrontroller.simpleGet()
INFO 09:19:10 main - o.s.w.s.m.m.a.RequestMappingHandlerMapping.register - 547 : Mapped "{[/redis/setget.html]}" onto public java.lang.String com.example.springbootmvc.controller.redis.StringRedisTemplateCrontroller.env(java.lang.String) throws java.lang.Exception
INFO 09:19:10 main - o.s.w.s.m.m.a.RequestMappingHandlerMapping.register - 547 : Mapped "{[/redis/connectionset.html]}" onto public java.lang.String com.example.springbootmvc.controller.redis.StringRedisTemplateCrontroller.connectionSet(java.lang.String,java.lang.String) throws java.lang.Exception
INFO 09:19:10 main - o.s.w.s.m.m.a.RequestMappingHandlerMapping.register - 547 : Mapped "{[/redis/boundvalue.html]}" onto public java.lang.String com.example.springbootmvc.controller.redis.StringRedisTemplateCrontroller.boundValue(java.lang.String) throws java.lang.Exception
INFO 09:19:10 main - o.s.w.s.m.m.a.RequestMappingHandlerMapping.register - 547 : Mapped "{[/redis/readmessage.html]}" onto public java.lang.String com.example.springbootmvc.controller.redis.StringRedisTemplateCrontroller.readMessage() throws java.lang.Exception
INFO 09:19:10 main - o.s.w.s.m.m.a.RequestMappingHandlerMapping.register - 547 : Mapped "{[/redis/addcache.html]}" onto public java.lang.String com.example.springbootmvc.controller.redis.StringRedisTemplateCrontroller.addMessage(java.lang.String,java.lang.String) throws java.lang.Exception
INFO 09:19:10 main - o.s.w.s.m.m.a.RequestMappingHandlerMapping.register - 547 : Mapped "{[/redis/addmessage.html]}" onto public java.lang.String com.example.springbootmvc.controller.redis.StringRedisTemplateCrontroller.addMessage() throws java.lang.Exception
INFO 09:19:10 main - o.s.w.s.m.m.a.RequestMappingHandlerMapping.register - 547 : Mapped "{[/redis/getcache.html]}" onto public java.lang.String com.example.springbootmvc.controller.redis.StringRedisTemplateCrontroller.addMessage(java.lang.String) throws java.lang.Exception
INFO 09:19:10 main - o.s.w.s.m.m.a.RequestMappingHandlerMapping.register - 547 : Mapped "{[/redis/publish]}" onto public java.lang.String com.example.springbootmvc.controller.redis.StringRedisTemplateCrontroller.publishNews() throws java.lang.Exception
INFO 09:19:10 main - o.s.w.s.m.m.a.RequestMappingHandlerMapping.register - 547 : Mapped "{[/user/user/{id}/{name}]}" onto public java.lang.String com.example.springbootmvc.controller.UserController.updateUser(java.lang.Integer,java.lang.String)
INFO 09:19:10 main - o.s.w.s.m.m.a.RequestMappingHandlerMapping.register - 547 : Mapped "{[/user/user/{id}]}" onto public java.lang.String com.example.springbootmvc.controller.UserController.getUser(java.lang.Integer)
INFO 09:19:10 main - o.s.w.s.m.m.a.RequestMappingHandlerMapping.register - 547 : Mapped "{[/user/findTest.html]}" onto public int com.example.springbootmvc.controller.UserController.getUser(int)
INFO 09:19:10 main - o.s.w.s.m.m.a.RequestMappingHandlerMapping.register - 547 : Mapped "{[/user/getuser.html]}" onto public java.lang.String com.example.springbootmvc.controller.UserController.getUser(java.lang.String)
INFO 09:19:10 main - o.s.w.s.m.m.a.RequestMappingHandlerMapping.register - 547 : Mapped "{[/user/alluser.html]}" onto public java.lang.String com.example.springbootmvc.controller.UserController.alluser(int,int)
INFO 09:19:10 main - o.s.w.s.m.m.a.RequestMappingHandlerMapping.register - 547 : Mapped "{[/user/example.html]}" onto public java.lang.String com.example.springbootmvc.controller.UserController.example(java.lang.String)
INFO 09:19:10 main - o.s.w.s.m.m.a.RequestMappingHandlerMapping.register - 547 : Mapped "{[/user/adduser.html]}" onto public java.lang.String com.example.springbootmvc.controller.UserController.addUser(com.example.springbootmvc.entity.User)
INFO 09:19:10 main - o.s.w.s.m.m.a.RequestMappingHandlerMapping.register - 547 : Mapped "{[/user/pagequery.html]}" onto public java.lang.String com.example.springbootmvc.controller.UserController.pageQuery(java.lang.Integer,int,int)
INFO 09:19:10 main - o.s.w.s.m.m.a.RequestMappingHandlerMapping.register - 547 : Mapped "{[/user/finduser.html]}" onto public java.lang.String com.example.springbootmvc.controller.UserController.findUser(int)
INFO 09:19:10 main - o.s.w.s.m.m.a.RequestMappingHandlerMapping.register - 547 : Mapped "{[/user/getdepartuser.html]}" onto public java.lang.String com.example.springbootmvc.controller.UserController.getDepartmentUser(java.lang.String,java.lang.Integer)
INFO 09:19:10 main - o.s.w.s.m.m.a.RequestMappingHandlerMapping.register - 547 : Mapped "{[/error]}" onto public org.springframework.http.ResponseEntity<java.util.Map<java.lang.String, java.lang.Object>> org.springframework.boot.autoconfigure.web.servlet.error.BasicErrorController.error(javax.servlet.http.HttpServletRequest)
INFO 09:19:10 main - o.s.w.s.m.m.a.RequestMappingHandlerMapping.register - 547 : Mapped "{[/error],produces=[text/html]}" onto public org.springframework.web.servlet.ModelAndView org.springframework.boot.autoconfigure.web.servlet.error.BasicErrorController.errorHtml(javax.servlet.http.HttpServletRequest,javax.servlet.http.HttpServletResponse)
INFO 09:19:10 main - o.s.w.s.h.SimpleUrlHandlerMapping.registerHandler - 373 : Mapped URL path [/webjars/**] onto handler of type [class org.springframework.web.servlet.resource.ResourceHttpRequestHandler]
INFO 09:19:10 main - o.s.w.s.h.SimpleUrlHandlerMapping.registerHandler - 373 : Mapped URL path [/**] onto handler of type [class org.springframework.web.servlet.resource.ResourceHttpRequestHandler]
INFO 09:19:12 main - o.s.c.s.DefaultLifecycleProcessor.start - 351 : Starting beans in phase 2147483647
INFO 09:19:12 container-1 - i.l.c.EpollProvider.info - 101 : Starting without optional epoll library
INFO 09:19:12 container-1 - i.l.c.KqueueProvider.info - 101 : Starting without optional kqueue library
INFO 09:19:13 main - c.e.s.db.UserDbTest.logStarted - 59 : Started UserDbTest in 11.068 seconds (JVM running for 17.566)
INFO 09:19:13 main - o.s.t.c.t.TransactionContext.startTransaction - 107 : Began transaction (1) for test context [DefaultTestContext@580154b3 testClass = UserDbTest, testInstance = com.example.springbootmvc.db.UserDbTest@79fc4e99, testMethod = upateNameTest@UserDbTest, testException = [null], mergedContextConfiguration = [WebMergedContextConfiguration@6e7fa4b0 testClass = UserDbTest, locations = '{}', classes = '{class com.example.springbootmvc.SpringBootMvcApplication}', contextInitializerClasses = '[]', activeProfiles = '{test}', propertySourceLocations = '{}', propertySourceProperties = '{org.springframework.boot.test.context.SpringBootTestContextBootstrapper=true}', contextCustomizers = set[org.springframework.boot.test.context.filter.ExcludeFilterContextCustomizer@2145433b, org.springframework.boot.test.json.DuplicateJsonObjectContextCustomizerFactory$DuplicateJsonObjectContextCustomizer@1b083826, org.springframework.boot.test.mock.mockito.MockitoContextCustomizer@0, org.springframework.boot.test.web.client.TestRestTemplateContextCustomizer@7e74a380, org.springframework.boot.test.autoconfigure.properties.PropertyMappingContextCustomizer@0, org.springframework.boot.test.autoconfigure.web.servlet.WebDriverContextCustomizerFactory$Customizer@7d3a22a9], resourceBasePath = 'src/main/webapp', contextLoader = 'org.springframework.boot.test.context.SpringBootContextLoader', parent = [null]], attributes = map['org.springframework.test.context.web.ServletTestExecutionListener.activateListener' -> true, 'org.springframework.test.context.web.ServletTestExecutionListener.populatedRequestContextHolder' -> true, 'org.springframework.test.context.web.ServletTestExecutionListener.resetRequestContextHolder' -> true]]; transaction manager [org.springframework.orm.jpa.JpaTransactionManager@20a4cba7]; rollback [true]
┏━━━━━ Debug [user._gen_updateById] ━━━
┣ SQL：	 update `user` set `name`=?,`create_time`=? where `id` = ?
┣ 参数：	 [hello123, null, 4]
┣ 位置：	 com.example.springbootmvc.db.UserDbTest.upateNameTest(UserDbTest.java:35)
┣ 时间：	 31ms
┣ 更新：	 [0]
┗━━━━━ Debug [user._gen_updateById] ━━━

INFO 09:19:13 main - o.s.t.c.t.TransactionContext.endTransaction - 139 : Rolled back transaction for test: [DefaultTestContext@580154b3 testClass = UserDbTest, testInstance = com.example.springbootmvc.db.UserDbTest@79fc4e99, testMethod = upateNameTest@UserDbTest, testException = org.beetl.sql.core.BeetlSQLException: unique查询user,但数据库未找到结果集:主键是4, mergedContextConfiguration = [WebMergedContextConfiguration@6e7fa4b0 testClass = UserDbTest, locations = '{}', classes = '{class com.example.springbootmvc.SpringBootMvcApplication}', contextInitializerClasses = '[]', activeProfiles = '{test}', propertySourceLocations = '{}', propertySourceProperties = '{org.springframework.boot.test.context.SpringBootTestContextBootstrapper=true}', contextCustomizers = set[org.springframework.boot.test.context.filter.ExcludeFilterContextCustomizer@2145433b, org.springframework.boot.test.json.DuplicateJsonObjectContextCustomizerFactory$DuplicateJsonObjectContextCustomizer@1b083826, org.springframework.boot.test.mock.mockito.MockitoContextCustomizer@0, org.springframework.boot.test.web.client.TestRestTemplateContextCustomizer@7e74a380, org.springframework.boot.test.autoconfigure.properties.PropertyMappingContextCustomizer@0, org.springframework.boot.test.autoconfigure.web.servlet.WebDriverContextCustomizerFactory$Customizer@7d3a22a9], resourceBasePath = 'src/main/webapp', contextLoader = 'org.springframework.boot.test.context.SpringBootContextLoader', parent = [null]], attributes = map['org.springframework.test.context.web.ServletTestExecutionListener.activateListener' -> true, 'org.springframework.test.context.web.ServletTestExecutionListener.populatedRequestContextHolder' -> true, 'org.springframework.test.context.web.ServletTestExecutionListener.resetRequestContextHolder' -> true]]
]]></system-out>
  </testcase>
</testsuite>